[CPU-cpuX] 2025/06/09 15:18:44 CPU cpuX inicializada correctamente.
[CPU-cpuX] 2025/06/09 15:18:44 Conexion establecida con exito.
[CPU-cpuX] 2025/06/09 15:18:44 Conexión realizada con exito con el Kernel.
[CPU-cpuX] 2025/06/09 15:18:44 Servidor corriendo, esperando PID y PC de Kernel.
[CPU-cpuX] 2025/06/09 15:18:46 El Kernel envio PID: 0 - PC: 0
[CPU-cpuX] 2025/06/17 17:54:14 CPU cpuX inicializada correctamente.
[CPU-cpuX] 2025/06/17 17:54:14 Conexion establecida con exito.
[CPU-cpuX] 2025/06/17 17:54:14 Conexión realizada con exito con el Kernel.
[CPU-cpuX] 2025/06/17 17:54:14 Servidor corriendo, esperando PID y PC de Kernel.
[CPU-cpuX] 2025/06/17 17:54:15 El Kernel envio PID: 0 - PC: 0
[CPU-cpuX] 2025/06/17 17:54:15 Instruction given: WRITE 1 EJEMPLO_DE_ENUNCIADO
[CPU-cpuX] 2025/06/17 17:54:15 dir: 1
[CPU-cpuX] 2025/06/17 17:54:15 direccion a enviar: [0 0 0 0 0 0]
[CPU-cpuX] 2025/06/17 17:54:15 Conexion establecida con exito.
[CPU-cpuX] 2025/06/17 17:54:15 Recibido de memoria el frame: 0
[CPU-cpuX] 2025/06/17 17:54:15 frame: 0
[CPU-cpuX] 2025/06/17 17:54:15 type: WRITE
[CPU-cpuX] 2025/06/17 17:54:15 value: 0
[CPU-cpuX] 2025/06/17 17:54:40 Error al decodificar el JSON.
[CPU-cpuX] 2025/06/17 17:54:40 ## PID: 0 - Ejecutando -> INSTRUCCION: WRITE - DATOS: EJEMPLO_DE_ENUNCIADO - DIRECCION: 1
[CPU-cpuX] 2025/06/17 18:06:58 CPU cpuX inicializada correctamente.
[CPU-cpuX] 2025/06/17 18:06:58 Conexion establecida con exito.
[CPU-cpuX] 2025/06/17 18:06:58 Conexión realizada con exito con el Kernel.
[CPU-cpuX] 2025/06/17 18:06:58 Servidor corriendo, esperando PID y PC de Kernel.
[CPU-cpuX] 2025/06/17 18:07:01 El Kernel envio PID: 0 - PC: 0
[CPU-cpuX] 2025/06/17 18:07:01 Instruction given: WRITE 1 EJEMPLO_DE_ENUNCIADO
[CPU-cpuX] 2025/06/17 18:07:01 dir: 1
[CPU-cpuX] 2025/06/17 18:07:01 direccion a enviar: [0 0 0 0 0 0]
[CPU-cpuX] 2025/06/17 18:07:01 Conexion establecida con exito.
[CPU-cpuX] 2025/06/17 18:07:01 Recibido de memoria el frame: 0
[CPU-cpuX] 2025/06/17 18:07:01 frame: 0
[CPU-cpuX] 2025/06/17 18:07:01 type: WRITE
[CPU-cpuX] 2025/06/17 18:07:01 value: 0
[CPU-cpuX] 2025/06/17 18:07:20 Error al recibir respuesta.
[CPU-cpuX] 2025/06/17 18:07:20 ## PID: 0 - Ejecutando -> INSTRUCCION: WRITE - DATOS: EJEMPLO_DE_ENUNCIADO - DIRECCION: 1
[CPU-cpuX] 2025/06/17 18:18:53 CPU cpuX inicializada correctamente.
[CPU-cpuX] 2025/06/17 18:18:53 Conexion establecida con exito.
[CPU-cpuX] 2025/06/17 18:18:53 Conexión realizada con exito con el Kernel.
[CPU-cpuX] 2025/06/17 18:18:53 Servidor corriendo, esperando PID y PC de Kernel.
[CPU-cpuX] 2025/06/17 18:18:56 El Kernel envio PID: 0 - PC: 0
[CPU-cpuX] 2025/06/17 18:18:56 Instruction given: WRITE 1 EJEMPLO_DE_ENUNCIADO
[CPU-cpuX] 2025/06/17 18:18:56 dir: 1
[CPU-cpuX] 2025/06/17 18:18:56 direccion a enviar: [0 0 0 0 0 0]
[CPU-cpuX] 2025/06/17 18:18:56 Conexion establecida con exito.
[CPU-cpuX] 2025/06/17 18:18:56 Recibido de memoria el frame: 0
[CPU-cpuX] 2025/06/17 18:18:56 frame: 0
[CPU-cpuX] 2025/06/17 18:18:56 type: WRITE
[CPU-cpuX] 2025/06/17 18:18:56 value: 0
[CPU-cpuX] 2025/06/17 18:19:24 Error al decodificar el JSON.
[CPU-cpuX] 2025/06/17 18:19:24 ## PID: 0 - Ejecutando -> INSTRUCCION: WRITE - DATOS: EJEMPLO_DE_ENUNCIADO - DIRECCION: 1
[CPU-cpuX] 2025/06/22 21:15:17 CPU cpuX inicializada correctamente.
[CPU-cpuX] 2025/06/22 21:15:17 Error al recibir respuesta.
[CPU-cpuX] 2025/06/22 21:15:17 Servidor corriendo, esperando PID y PC de Kernel.
[CPU-cpuX] 2025/06/22 21:15:24 CPU cpuX inicializada correctamente.
[CPU-cpuX] 2025/06/22 21:15:24 Error al recibir respuesta.
[CPU-cpuX] 2025/06/22 21:15:24 Servidor corriendo, esperando PID y PC de Kernel.
[CPU-cpuX] 2025/06/22 21:16:38 CPU cpuX inicializada correctamente.
[CPU-cpuX] 2025/06/22 21:16:38 Error al recibir respuesta.
[CPU-cpuX] 2025/06/22 21:16:38 Servidor corriendo, esperando PID y PC de Kernel.
[CPU-cpuX] 2025/06/22 21:17:31 CPU cpuX inicializada correctamente.
[CPU-cpuX] 2025/06/22 21:17:31 Conexion establecida con exito.
[CPU-cpuX] 2025/06/22 21:17:31 Conexión realizada con exito con el Kernel.
[CPU-cpuX] 2025/06/22 21:17:31 Servidor corriendo, esperando PID y PC de Kernel.
[CPU-cpuX] 2025/06/22 21:17:42 El Kernel envio PID: 1 - PC: 0
[CPU-cpuX] 2025/06/22 21:17:42 Instruction given: WRITE 1 EJEMPLO_DE_ENUNCIADO
[CPU-cpuX] 2025/06/22 21:17:42 dir: 1
[CPU-cpuX] 2025/06/22 21:17:42 direccion a enviar: [0 0 0 0 0 0]
[CPU-cpuX] 2025/06/22 21:17:42 Conexion establecida con exito.
[CPU-cpuX] 2025/06/22 21:17:42 Recibido de memoria el frame: 0
[CPU-cpuX] 2025/06/22 21:17:42 frame: 0
[CPU-cpuX] 2025/06/22 21:17:42 type: WRITE
[CPU-cpuX] 2025/06/22 21:17:42 value: 0
[CPU-cpuX] 2025/06/22 21:17:56 Error al decodificar el JSON.
[CPU-cpuX] 2025/06/22 21:17:56 ## PID: 0 - Ejecutando -> INSTRUCCION: WRITE - DATOS: EJEMPLO_DE_ENUNCIADO - DIRECCION: 1
[CPU-cpuX] 2025/06/22 21:20:21 CPU cpuX inicializada correctamente.
[CPU-cpuX] 2025/06/22 21:20:21 Conexion establecida con exito.
[CPU-cpuX] 2025/06/22 21:20:21 Conexión realizada con exito con el Kernel.
[CPU-cpuX] 2025/06/22 21:20:21 Servidor corriendo, esperando PID y PC de Kernel.
[CPU-cpuX] 2025/06/22 21:20:43 CPU cpuX inicializada correctamente.
[CPU-cpuX] 2025/06/22 21:20:43 Conexion establecida con exito.
[CPU-cpuX] 2025/06/22 21:20:43 Conexión realizada con exito con el Kernel.
[CPU-cpuX] 2025/06/22 21:20:43 Servidor corriendo, esperando PID y PC de Kernel.
[CPU-cpuX] 2025/06/22 21:20:55 El Kernel envio PID: 1 - PC: 0
[CPU-cpuX] 2025/06/22 21:20:55 Instruction given: WRITE 1 EJEMPLO_DE_ENUNCIADO
[CPU-cpuX] 2025/06/22 21:20:55 dir: 1
[CPU-cpuX] 2025/06/22 21:20:55 direccion a enviar: [0 0 0 0 0 0]
[CPU-cpuX] 2025/06/22 21:20:55 Conexion establecida con exito.
[CPU-cpuX] 2025/06/22 21:20:55 Recibido de memoria el frame: 0
[CPU-cpuX] 2025/06/22 21:20:55 frame: 0
[CPU-cpuX] 2025/06/22 21:20:55 type: WRITE
[CPU-cpuX] 2025/06/22 21:20:55 value: 0
[CPU-cpuX] 2025/06/22 21:21:10 Error al decodificar el JSON.
[CPU-cpuX] 2025/06/22 21:21:10 ## PID: 0 - Ejecutando -> INSTRUCCION: WRITE - DATOS: EJEMPLO_DE_ENUNCIADO - DIRECCION: 1
[CPU-cpuX] 2025/06/22 21:25:26 CPU cpuX inicializada correctamente.
[CPU-cpuX] 2025/06/22 21:25:26 Conexion establecida con exito.
[CPU-cpuX] 2025/06/22 21:25:26 Conexión realizada con exito con el Kernel.
[CPU-cpuX] 2025/06/22 21:25:26 Servidor corriendo, esperando PID y PC de Kernel.
[CPU-cpuX] 2025/06/22 21:25:28 El Kernel envio PID: 0 - PC: 0
[CPU-cpuX] 2025/06/22 21:25:28 Instruction given: WRITE 1 EJEMPLO_DE_ENUNCIADO
[CPU-cpuX] 2025/06/22 21:25:28 dir: 1
[CPU-cpuX] 2025/06/22 21:25:28 direccion a enviar: [0 0 0 0 0 0]
[CPU-cpuX] 2025/06/22 21:25:28 Conexion establecida con exito.
[CPU-cpuX] 2025/06/22 21:25:28 Recibido de memoria el frame: 0
[CPU-cpuX] 2025/06/22 21:25:28 frame: 0
[CPU-cpuX] 2025/06/22 21:25:28 type: WRITE
[CPU-cpuX] 2025/06/22 21:25:28 value: 0
[CPU-cpuX] 2025/06/22 21:25:41 Error al decodificar el JSON.
[CPU-cpuX] 2025/06/22 21:25:41 ## PID: 0 - Ejecutando -> INSTRUCCION: WRITE - DATOS: EJEMPLO_DE_ENUNCIADO - DIRECCION: 1
