[CPU-cpux] 2025/06/19 21:32:45 CPU cpux inicializada correctamente.
[CPU-cpux] 2025/06/19 21:32:45 Conexion establecida con exito.
[CPU-cpux] 2025/06/19 21:32:45 Conexión realizada con exito con el Kernel.
[CPU-cpux] 2025/06/19 21:32:45 Servidor corriendo, esperando PID y PC de Kernel.
[CPU-cpux] 2025/06/19 21:44:14 CPU cpux inicializada correctamente.
[CPU-cpux] 2025/06/19 21:44:14 Conexion establecida con exito.
[CPU-cpux] 2025/06/19 21:44:14 Conexión realizada con exito con el Kernel.
[CPU-cpux] 2025/06/19 21:44:14 Servidor corriendo, esperando PID y PC de Kernel.
[CPU-cpux] 2025/06/19 21:49:25 CPU cpux inicializada correctamente.
[CPU-cpux] 2025/06/19 21:49:25 Conexion establecida con exito.
[CPU-cpux] 2025/06/19 21:49:25 Conexión realizada con exito con el Kernel.
[CPU-cpux] 2025/06/19 21:49:25 Servidor corriendo, esperando PID y PC de Kernel.
[CPU-cpux] 2025/06/19 21:50:55 CPU cpux inicializada correctamente.
[CPU-cpux] 2025/06/19 21:50:55 Conexion establecida con exito.
[CPU-cpux] 2025/06/19 21:50:55 Conexión realizada con exito con el Kernel.
[CPU-cpux] 2025/06/19 21:50:55 Servidor corriendo, esperando PID y PC de Kernel.
[CPU-cpux] 2025/06/19 21:51:34 CPU cpux inicializada correctamente.
[CPU-cpux] 2025/06/19 21:51:34 Conexion establecida con exito.
[CPU-cpux] 2025/06/19 21:51:34 Conexión realizada con exito con el Kernel.
[CPU-cpux] 2025/06/19 21:51:34 Servidor corriendo, esperando PID y PC de Kernel.
[CPU-cpux] 2025/06/19 21:53:38 CPU cpux inicializada correctamente.
[CPU-cpux] 2025/06/19 21:53:38 Conexion establecida con exito.
[CPU-cpux] 2025/06/19 21:53:38 Conexión realizada con exito con el Kernel.
[CPU-cpux] 2025/06/19 21:53:38 Servidor corriendo, esperando PID y PC de Kernel.
[CPU-cpux] 2025/06/19 21:54:59 CPU cpux inicializada correctamente.
[CPU-cpux] 2025/06/19 21:54:59 Conexion establecida con exito.
[CPU-cpux] 2025/06/19 21:54:59 Conexión realizada con exito con el Kernel.
[CPU-cpux] 2025/06/19 21:54:59 Servidor corriendo, esperando PID y PC de Kernel.
[CPU-cpux] 2025/06/19 21:55:00 El Kernel envio PID: 0 - PC: 0
[CPU-cpux] 2025/06/19 21:55:00 Instruction given: WRITE 2667 EJEMPLO_DE_ENUNCIADO
[CPU-cpux] 2025/06/19 21:55:00 dir: 2667
[CPU-cpux] 2025/06/19 21:55:00 direccion a enviar: [0 0 0 2 2 1]
[CPU-cpux] 2025/06/19 21:55:00 Status de respuesta el server no fue la esperada.
[CPU-cpux] 2025/06/19 21:55:00 entro aca y rompo
[CPU-cpux] 2025/06/19 21:55:00 frame: 0
[CPU-cpux] 2025/06/19 21:55:00 type: WRITE
[CPU-cpux] 2025/06/19 21:55:00 value: 0
[CPU-cpux] 2025/06/19 21:55:22 Error al decodificar el JSON.
[CPU-cpux] 2025/06/19 21:55:22 ## PID: 0 - Ejecutando -> INSTRUCCION: WRITE - DATOS: EJEMPLO_DE_ENUNCIADO - DIRECCION: 43
[CPU-cpux] 2025/06/19 21:58:16 CPU cpux inicializada correctamente.
[CPU-cpux] 2025/06/19 21:58:16 Conexion establecida con exito.
[CPU-cpux] 2025/06/19 21:58:16 Conexión realizada con exito con el Kernel.
[CPU-cpux] 2025/06/19 21:58:16 Servidor corriendo, esperando PID y PC de Kernel.
[CPU-cpux] 2025/06/19 21:58:18 El Kernel envio PID: 0 - PC: 0
[CPU-cpux] 2025/06/19 21:58:18 Instruction given: WRITE 2667 EJEMPLO_DE_ENUNCIADO
[CPU-cpux] 2025/06/19 21:58:18 dir: 2667
[CPU-cpux] 2025/06/19 21:58:18 direccion a enviar: [0 0 0 2 2 1]
[CPU-cpux] 2025/06/19 21:58:18 Status de respuesta el server no fue la esperada.
[CPU-cpux] 2025/06/19 21:58:18 entro aca y rompo
[CPU-cpux] 2025/06/19 21:58:18 frame: 0
[CPU-cpux] 2025/06/19 21:58:18 type: WRITE
[CPU-cpux] 2025/06/19 21:58:18 value: 0
[CPU-cpux] 2025/06/19 21:58:40 Error al decodificar el JSON.
[CPU-cpux] 2025/06/19 21:58:40 ## PID: 0 - Ejecutando -> INSTRUCCION: WRITE - DATOS: EJEMPLO_DE_ENUNCIADO - DIRECCION: 43
[CPU-cpux] 2025/06/19 21:59:50 CPU cpux inicializada correctamente.
[CPU-cpux] 2025/06/19 21:59:50 Conexion establecida con exito.
[CPU-cpux] 2025/06/19 21:59:50 Conexión realizada con exito con el Kernel.
[CPU-cpux] 2025/06/19 21:59:50 Servidor corriendo, esperando PID y PC de Kernel.
[CPU-cpux] 2025/06/19 21:59:51 El Kernel envio PID: 0 - PC: 0
[CPU-cpux] 2025/06/19 21:59:51 Instruction given: WRITE 2667 EJEMPLO_DE_ENUNCIADO
[CPU-cpux] 2025/06/19 21:59:51 dir: 2667
[CPU-cpux] 2025/06/19 21:59:51 direccion a enviar: [0 0 0 2 2 1]
[CPU-cpux] 2025/06/19 21:59:51 Status de respuesta el server no fue la esperada.
[CPU-cpux] 2025/06/19 21:59:51 entro aca y rompo
[CPU-cpux] 2025/06/19 21:59:51 frame: 0
[CPU-cpux] 2025/06/19 21:59:51 type: WRITE
[CPU-cpux] 2025/06/19 21:59:51 value: 0
[CPU-cpux] 2025/06/19 22:00:12 Error al recibir respuesta.
[CPU-cpux] 2025/06/19 22:00:12 ## PID: 0 - Ejecutando -> INSTRUCCION: WRITE - DATOS: EJEMPLO_DE_ENUNCIADO - DIRECCION: 43
[CPU-cpux] 2025/06/19 22:01:07 CPU cpux inicializada correctamente.
[CPU-cpux] 2025/06/19 22:01:07 Conexion establecida con exito.
[CPU-cpux] 2025/06/19 22:01:07 Conexión realizada con exito con el Kernel.
[CPU-cpux] 2025/06/19 22:01:07 Servidor corriendo, esperando PID y PC de Kernel.
[CPU-cpux] 2025/06/19 22:01:09 El Kernel envio PID: 0 - PC: 0
[CPU-cpux] 2025/06/19 22:01:09 Instruction given: WRITE 2667 EJEMPLO_DE_ENUNCIADO
[CPU-cpux] 2025/06/19 22:01:09 dir: 2667
[CPU-cpux] 2025/06/19 22:01:09 direccion a enviar: [0 0 0 2 2 1]
[CPU-cpux] 2025/06/19 22:01:09 Status de respuesta el server no fue la esperada.
[CPU-cpux] 2025/06/19 22:01:09 entro aca y rompo
[CPU-cpux] 2025/06/19 22:01:09 frame: 0
[CPU-cpux] 2025/06/19 22:01:09 type: WRITE
[CPU-cpux] 2025/06/19 22:01:09 value: 0
[CPU-cpux] 2025/06/19 22:01:31 Error al decodificar el JSON.
[CPU-cpux] 2025/06/19 22:01:31 ## PID: 0 - Ejecutando -> INSTRUCCION: WRITE - DATOS: EJEMPLO_DE_ENUNCIADO - DIRECCION: 43
[CPU-cpux] 2025/06/19 22:03:26 CPU cpux inicializada correctamente.
[CPU-cpux] 2025/06/19 22:03:26 Conexion establecida con exito.
[CPU-cpux] 2025/06/19 22:03:26 Conexión realizada con exito con el Kernel.
[CPU-cpux] 2025/06/19 22:03:26 Servidor corriendo, esperando PID y PC de Kernel.
[CPU-cpux] 2025/06/19 22:03:28 El Kernel envio PID: 0 - PC: 0
[CPU-cpux] 2025/06/19 22:03:28 Instruction given: WRITE 2667 EJEMPLO_DE_ENUNCIADO
[CPU-cpux] 2025/06/19 22:03:28 dir: 2667
[CPU-cpux] 2025/06/19 22:03:28 direccion a enviar: [0 0 0 2 2 1]
[CPU-cpux] 2025/06/19 22:03:28 Status de respuesta el server no fue la esperada.
[CPU-cpux] 2025/06/19 22:03:28 entro aca y rompo
[CPU-cpux] 2025/06/19 22:03:28 frame: 0
[CPU-cpux] 2025/06/19 22:03:28 type: WRITE
[CPU-cpux] 2025/06/19 22:03:28 value: 0
[CPU-cpux] 2025/06/19 22:03:36 Error al recibir respuesta.
[CPU-cpux] 2025/06/19 22:03:36 ## PID: 0 - Ejecutando -> INSTRUCCION: WRITE - DATOS: EJEMPLO_DE_ENUNCIADO - DIRECCION: 43
[CPU-cpux] 2025/06/19 22:21:08 CPU cpux inicializada correctamente.
[CPU-cpux] 2025/06/19 22:21:08 Conexion establecida con exito.
[CPU-cpux] 2025/06/19 22:21:08 Conexión realizada con exito con el Kernel.
[CPU-cpux] 2025/06/19 22:21:08 Servidor corriendo, esperando PID y PC de Kernel.
[CPU-cpux] 2025/06/19 23:04:24 CPU cpux inicializada correctamente.
[CPU-cpux] 2025/06/19 23:04:24 Conexion establecida con exito.
[CPU-cpux] 2025/06/19 23:04:24 Conexión realizada con exito con el Kernel.
[CPU-cpux] 2025/06/19 23:04:24 Servidor corriendo, esperando PID y PC de Kernel.
[CPU-cpux] 2025/06/19 23:44:09 CPU cpux inicializada correctamente.
[CPU-cpux] 2025/06/19 23:44:09 Conexion establecida con exito.
[CPU-cpux] 2025/06/19 23:44:09 Conexión realizada con exito con el Kernel.
[CPU-cpux] 2025/06/19 23:44:09 Servidor corriendo, esperando PID y PC de Kernel.
[CPU-cpux] 2025/06/19 23:44:20 CPU cpux inicializada correctamente.
[CPU-cpux] 2025/06/19 23:44:20 Conexion establecida con exito.
[CPU-cpux] 2025/06/19 23:44:20 Conexión realizada con exito con el Kernel.
[CPU-cpux] 2025/06/19 23:44:20 Servidor corriendo, esperando PID y PC de Kernel.
[CPU-cpux] 2025/06/19 23:44:22 El Kernel envio PID: 0 - PC: 0
[CPU-cpux] 2025/06/19 23:44:22 Instruction given: WRITE 2667 EJEMPLO_DE_ENUNCIADO
[CPU-cpux] 2025/06/19 23:44:22 dir: 2667
[CPU-cpux] 2025/06/19 23:44:22 direccion a enviar: [0 0 0 2 2 1]
[CPU-cpux] 2025/06/19 23:44:22 Error al recibir respuesta.
[CPU-cpux] 2025/06/19 23:44:22 frame: 0
[CPU-cpux] 2025/06/19 23:44:22 type: WRITE
[CPU-cpux] 2025/06/19 23:44:22 value: 0
[CPU-cpux] 2025/06/19 23:44:24 Error al recibir respuesta.
[CPU-cpux] 2025/06/19 23:44:24 ## PID: 0 - Ejecutando -> INSTRUCCION: WRITE - DATOS: EJEMPLO_DE_ENUNCIADO - DIRECCION: 43
[CPU-cpux] 2025/06/19 23:45:27 CPU cpux inicializada correctamente.
[CPU-cpux] 2025/06/19 23:45:27 Conexion establecida con exito.
[CPU-cpux] 2025/06/19 23:45:27 Conexión realizada con exito con el Kernel.
[CPU-cpux] 2025/06/19 23:45:27 Servidor corriendo, esperando PID y PC de Kernel.
[CPU-cpux] 2025/06/19 23:45:30 El Kernel envio PID: 0 - PC: 0
[CPU-cpux] 2025/06/19 23:45:30 Instruction given: WRITE 2667 EJEMPLO_DE_ENUNCIADO
[CPU-cpux] 2025/06/19 23:45:30 dir: 2667
[CPU-cpux] 2025/06/19 23:45:30 direccion a enviar: [0 0 0 2 2 1]
[CPU-cpux] 2025/06/19 23:45:30 Status de respuesta el server no fue la esperada.
[CPU-cpux] 2025/06/19 23:45:30 entro aca y rompo
[CPU-cpux] 2025/06/19 23:45:30 frame: 0
[CPU-cpux] 2025/06/19 23:45:30 type: WRITE
[CPU-cpux] 2025/06/19 23:45:30 value: 0
[CPU-cpux] 2025/06/19 23:45:40 Error al recibir respuesta.
[CPU-cpux] 2025/06/19 23:45:40 ## PID: 0 - Ejecutando -> INSTRUCCION: WRITE - DATOS: EJEMPLO_DE_ENUNCIADO - DIRECCION: 43
[CPU-cpux] 2025/06/19 23:46:40 CPU cpux inicializada correctamente.
[CPU-cpux] 2025/06/19 23:46:40 Conexion establecida con exito.
[CPU-cpux] 2025/06/19 23:46:40 Conexión realizada con exito con el Kernel.
[CPU-cpux] 2025/06/19 23:46:40 Servidor corriendo, esperando PID y PC de Kernel.
[CPU-cpux] 2025/06/19 23:46:42 El Kernel envio PID: 0 - PC: 0
[CPU-cpux] 2025/06/19 23:46:42 Instruction given: WRITE 2667 EJEMPLO_DE_ENUNCIADO
[CPU-cpux] 2025/06/19 23:46:42 dir: 2667
[CPU-cpux] 2025/06/19 23:46:42 direccion a enviar: [0 0 0 2 2 1]
[CPU-cpux] 2025/06/19 23:46:42 Status de respuesta el server no fue la esperada.
[CPU-cpux] 2025/06/19 23:46:42 entro aca y rompo
[CPU-cpux] 2025/06/19 23:46:42 frame: 0
[CPU-cpux] 2025/06/19 23:46:42 type: WRITE
[CPU-cpux] 2025/06/19 23:46:42 value: 0
[CPU-cpux] 2025/06/19 23:47:04 Error al decodificar el JSON.
[CPU-cpux] 2025/06/19 23:47:04 ## PID: 0 - Ejecutando -> INSTRUCCION: WRITE - DATOS: EJEMPLO_DE_ENUNCIADO - DIRECCION: 43
[CPU-cpux] 2025/06/19 23:47:49 CPU cpux inicializada correctamente.
[CPU-cpux] 2025/06/19 23:47:49 Conexion establecida con exito.
[CPU-cpux] 2025/06/19 23:47:49 Conexión realizada con exito con el Kernel.
[CPU-cpux] 2025/06/19 23:47:49 Servidor corriendo, esperando PID y PC de Kernel.
[CPU-cpux] 2025/06/19 23:47:51 El Kernel envio PID: 0 - PC: 0
[CPU-cpux] 2025/06/19 23:47:51 Instruction given: WRITE 2667 EJEMPLO_DE_ENUNCIADO
[CPU-cpux] 2025/06/19 23:47:51 dir: 2667
[CPU-cpux] 2025/06/19 23:47:51 direccion a enviar: [0 0 0 2 2 1]
[CPU-cpux] 2025/06/19 23:47:51 Status de respuesta el server no fue la esperada.
[CPU-cpux] 2025/06/19 23:47:51 entro aca y rompo
[CPU-cpux] 2025/06/19 23:47:51 frame: 0
[CPU-cpux] 2025/06/19 23:47:51 type: WRITE
[CPU-cpux] 2025/06/19 23:47:51 value: 0
[CPU-cpux] 2025/06/19 23:48:02 Error al recibir respuesta.
[CPU-cpux] 2025/06/19 23:48:02 ## PID: 0 - Ejecutando -> INSTRUCCION: WRITE - DATOS: EJEMPLO_DE_ENUNCIADO - DIRECCION: 43
[CPU-cpux] 2025/06/19 23:49:11 CPU cpux inicializada correctamente.
[CPU-cpux] 2025/06/19 23:49:11 Conexion establecida con exito.
[CPU-cpux] 2025/06/19 23:49:11 Conexión realizada con exito con el Kernel.
[CPU-cpux] 2025/06/19 23:49:11 Servidor corriendo, esperando PID y PC de Kernel.
[CPU-cpux] 2025/06/19 23:49:12 El Kernel envio PID: 0 - PC: 0
[CPU-cpux] 2025/06/19 23:49:12 Instruction given: WRITE 2667 EJEMPLO_DE_ENUNCIADO
[CPU-cpux] 2025/06/19 23:49:12 dir: 2667
[CPU-cpux] 2025/06/19 23:49:12 direccion a enviar: [0 0 0 2 2 1]
[CPU-cpux] 2025/06/19 23:49:12 Status de respuesta el server no fue la esperada.
[CPU-cpux] 2025/06/19 23:49:12 entro aca y rompo
[CPU-cpux] 2025/06/19 23:49:12 frame: 0
[CPU-cpux] 2025/06/19 23:49:12 type: WRITE
[CPU-cpux] 2025/06/19 23:49:12 value: 0
[CPU-cpux] 2025/06/19 23:49:35 Error al decodificar el JSON.
[CPU-cpux] 2025/06/19 23:49:35 ## PID: 0 - Ejecutando -> INSTRUCCION: WRITE - DATOS: EJEMPLO_DE_ENUNCIADO - DIRECCION: 43
[CPU-cpux] 2025/06/19 23:51:30 CPU cpux inicializada correctamente.
[CPU-cpux] 2025/06/19 23:51:30 Conexion establecida con exito.
[CPU-cpux] 2025/06/19 23:51:30 Conexión realizada con exito con el Kernel.
[CPU-cpux] 2025/06/19 23:51:30 Servidor corriendo, esperando PID y PC de Kernel.
[CPU-cpux] 2025/06/19 23:51:31 El Kernel envio PID: 0 - PC: 0
[CPU-cpux] 2025/06/19 23:51:31 Instruction given: WRITE 2667 EJEMPLO_DE_ENUNCIADO
[CPU-cpux] 2025/06/19 23:51:31 dir: 2667
[CPU-cpux] 2025/06/19 23:51:31 direccion a enviar: [0 0 0 2 2 1]
[CPU-cpux] 2025/06/19 23:51:31 Status de respuesta el server no fue la esperada.
[CPU-cpux] 2025/06/19 23:51:31 entro aca y rompo
[CPU-cpux] 2025/06/19 23:51:31 frame: 0
[CPU-cpux] 2025/06/19 23:51:31 type: WRITE
[CPU-cpux] 2025/06/19 23:51:31 value: 0
[CPU-cpux] 2025/06/19 23:51:45 Error al recibir respuesta.
[CPU-cpux] 2025/06/19 23:51:45 ## PID: 0 - Ejecutando -> INSTRUCCION: WRITE - DATOS: EJEMPLO_DE_ENUNCIADO - DIRECCION: 43
[CPU-cpux] 2025/06/19 23:56:21 CPU cpux inicializada correctamente.
[CPU-cpux] 2025/06/19 23:56:21 Conexion establecida con exito.
[CPU-cpux] 2025/06/19 23:56:21 Conexión realizada con exito con el Kernel.
[CPU-cpux] 2025/06/19 23:56:21 Servidor corriendo, esperando PID y PC de Kernel.
[CPU-cpux] 2025/06/19 23:56:22 El Kernel envio PID: 0 - PC: 0
[CPU-cpux] 2025/06/19 23:56:22 Instruction given: WRITE 2667 EJEMPLO_DE_ENUNCIADO
[CPU-cpux] 2025/06/19 23:56:22 dir: 2667
[CPU-cpux] 2025/06/19 23:56:22 direccion a enviar: [0 0 0 2 2 1]
[CPU-cpux] 2025/06/19 23:56:22 Status de respuesta el server no fue la esperada.
[CPU-cpux] 2025/06/19 23:56:22 entro aca y rompo
[CPU-cpux] 2025/06/19 23:56:22 frame: 0
[CPU-cpux] 2025/06/19 23:56:22 type: WRITE
[CPU-cpux] 2025/06/19 23:56:22 value: 0
[CPU-cpux] 2025/06/19 23:56:44 Error al decodificar el JSON.
[CPU-cpux] 2025/06/19 23:56:44 ## PID: 0 - Ejecutando -> INSTRUCCION: WRITE - DATOS: EJEMPLO_DE_ENUNCIADO - DIRECCION: 43
[CPU-cpux] 2025/06/20 00:01:15 CPU cpux inicializada correctamente.
[CPU-cpux] 2025/06/20 00:01:15 Conexion establecida con exito.
[CPU-cpux] 2025/06/20 00:01:15 Conexión realizada con exito con el Kernel.
[CPU-cpux] 2025/06/20 00:01:15 Servidor corriendo, esperando PID y PC de Kernel.
[CPU-cpux] 2025/06/20 00:01:16 El Kernel envio PID: 0 - PC: 0
[CPU-cpux] 2025/06/20 00:01:16 Instruction given: WRITE 2667 EJEMPLO_DE_ENUNCIADO
[CPU-cpux] 2025/06/20 00:01:16 dir: 2667
[CPU-cpux] 2025/06/20 00:01:16 direccion a enviar: [0 0 0 2 2 1]
[CPU-cpux] 2025/06/20 00:01:16 Status de respuesta el server no fue la esperada.
[CPU-cpux] 2025/06/20 00:01:16 entro aca y rompo
[CPU-cpux] 2025/06/20 00:01:16 frame: 0
[CPU-cpux] 2025/06/20 00:01:16 type: WRITE
[CPU-cpux] 2025/06/20 00:01:16 value: 0
[CPU-cpux] 2025/06/20 00:01:38 Error al decodificar el JSON.
[CPU-cpux] 2025/06/20 00:01:38 ## PID: 0 - Ejecutando -> INSTRUCCION: WRITE - DATOS: EJEMPLO_DE_ENUNCIADO - DIRECCION: 43
[CPU-cpux] 2025/06/20 14:09:18 CPU cpux inicializada correctamente.
[CPU-cpux] 2025/06/20 14:09:18 Conexion establecida con exito.
[CPU-cpux] 2025/06/20 14:09:18 Conexión realizada con exito con el Kernel.
[CPU-cpux] 2025/06/20 14:09:18 Servidor corriendo, esperando PID y PC de Kernel.
[CPU-cpux] 2025/06/20 14:09:19 El Kernel envio PID: 0 - PC: 0
[CPU-cpux] 2025/06/20 14:09:19 Instruction given: WRITE 2667 EJEMPLO_DE_ENUNCIADO
[CPU-cpux] 2025/06/20 14:09:19 dir: 2667
[CPU-cpux] 2025/06/20 14:09:19 direccion a enviar: [0 0 0 2 2 1]
[CPU-cpux] 2025/06/20 14:09:19 Status de respuesta el server no fue la esperada.
[CPU-cpux] 2025/06/20 14:09:19 entro aca y rompo
[CPU-cpux] 2025/06/20 14:09:19 frame: 0
[CPU-cpux] 2025/06/20 14:09:19 type: WRITE
[CPU-cpux] 2025/06/20 14:09:19 value: 0
[CPU-cpux] 2025/06/20 14:09:39 Error al recibir respuesta.
[CPU-cpux] 2025/06/20 14:09:39 ## PID: 0 - Ejecutando -> INSTRUCCION: WRITE - DATOS: EJEMPLO_DE_ENUNCIADO - DIRECCION: 43
[CPU-cpux] 2025/06/20 14:33:02 CPU cpux inicializada correctamente.
[CPU-cpux] 2025/06/20 14:33:02 Conexion establecida con exito.
[CPU-cpux] 2025/06/20 14:33:02 Conexión realizada con exito con el Kernel.
[CPU-cpux] 2025/06/20 14:33:02 Servidor corriendo, esperando PID y PC de Kernel.
[CPU-cpux] 2025/06/20 14:33:03 El Kernel envio PID: 0 - PC: 0
[CPU-cpux] 2025/06/20 14:33:03 Instruction given: WRITE 2667 EJEMPLO_DE_ENUNCIADO
[CPU-cpux] 2025/06/20 14:33:03 dir: 2667
[CPU-cpux] 2025/06/20 14:33:03 direccion a enviar: [0 0 0 2 2 1]
[CPU-cpux] 2025/06/20 14:33:03 Status de respuesta el server no fue la esperada.
[CPU-cpux] 2025/06/20 14:33:03 entro aca y rompo
[CPU-cpux] 2025/06/20 14:33:03 frame: 0
[CPU-cpux] 2025/06/20 14:33:03 type: WRITE
[CPU-cpux] 2025/06/20 14:33:03 value: 0
[CPU-cpux] 2025/06/20 14:33:09 Error al recibir respuesta.
[CPU-cpux] 2025/06/20 14:33:09 ## PID: 0 - Ejecutando -> INSTRUCCION: WRITE - DATOS: EJEMPLO_DE_ENUNCIADO - DIRECCION: 43
[CPU-cpux] 2025/06/20 14:33:52 CPU cpux inicializada correctamente.
[CPU-cpux] 2025/06/20 14:33:52 Conexion establecida con exito.
[CPU-cpux] 2025/06/20 14:33:52 Conexión realizada con exito con el Kernel.
[CPU-cpux] 2025/06/20 14:33:52 Servidor corriendo, esperando PID y PC de Kernel.
[CPU-cpux] 2025/06/20 14:33:54 El Kernel envio PID: 0 - PC: 0
[CPU-cpux] 2025/06/20 14:33:54 Instruction given: WRITE 2667 EJEMPLO_DE_ENUNCIADO
[CPU-cpux] 2025/06/20 14:33:54 dir: 2667
[CPU-cpux] 2025/06/20 14:33:54 direccion a enviar: [0 0 0 2 2 1]
[CPU-cpux] 2025/06/20 14:33:54 Conexion establecida con exito.
[CPU-cpux] 2025/06/20 14:33:54 Recibido de memoria el frame: 0
[CPU-cpux] 2025/06/20 14:33:54 frame: 0
[CPU-cpux] 2025/06/20 14:33:54 type: WRITE
[CPU-cpux] 2025/06/20 14:33:54 value: 0
[CPU-cpux] 2025/06/20 14:34:05 Error al recibir respuesta.
[CPU-cpux] 2025/06/20 14:34:05 ## PID: 0 - Ejecutando -> INSTRUCCION: WRITE - DATOS: EJEMPLO_DE_ENUNCIADO - DIRECCION: 43
[CPU-cpux] 2025/06/20 16:36:52 CPU cpux inicializada correctamente.
[CPU-cpux] 2025/06/20 16:36:52 Conexion establecida con exito.
[CPU-cpux] 2025/06/20 16:36:52 Conexión realizada con exito con el Kernel.
[CPU-cpux] 2025/06/20 16:36:52 Servidor corriendo, esperando PID y PC de Kernel.
[CPU-cpux] 2025/06/20 16:36:54 El Kernel envio PID: 0 - PC: 0
[CPU-cpux] 2025/06/20 16:36:54 Instruction given: WRITE 2667 EJEMPLO_DE_ENUNCIADO
[CPU-cpux] 2025/06/20 16:36:54 dir: 2667
[CPU-cpux] 2025/06/20 16:36:54 direccion a enviar: [0 0 0 2 2 1]
[CPU-cpux] 2025/06/20 16:36:54 Conexion establecida con exito.
[CPU-cpux] 2025/06/20 16:36:54 Recibido de memoria el frame: 0
[CPU-cpux] 2025/06/20 16:36:54 frame: 0
[CPU-cpux] 2025/06/20 16:36:54 type: WRITE
[CPU-cpux] 2025/06/20 16:36:54 value: 0
[CPU-cpux] 2025/06/20 16:37:16 Error al decodificar el JSON.
[CPU-cpux] 2025/06/20 16:37:16 ## PID: 0 - Ejecutando -> INSTRUCCION: WRITE - DATOS: EJEMPLO_DE_ENUNCIADO - DIRECCION: 43
[CPU-cpux] 2025/06/20 16:37:26 CPU cpux inicializada correctamente.
[CPU-cpux] 2025/06/20 16:37:26 Conexion establecida con exito.
[CPU-cpux] 2025/06/20 16:37:26 Conexión realizada con exito con el Kernel.
[CPU-cpux] 2025/06/20 16:37:26 Servidor corriendo, esperando PID y PC de Kernel.
[CPU-cpux] 2025/06/20 16:37:28 El Kernel envio PID: 0 - PC: 0
[CPU-cpux] 2025/06/20 16:37:28 Instruction given: WRITE 2667 EJEMPLO_DE_ENUNCIADO
[CPU-cpux] 2025/06/20 16:37:28 dir: 2667
[CPU-cpux] 2025/06/20 16:37:28 direccion a enviar: [0 0 0 2 2 1]
[CPU-cpux] 2025/06/20 16:37:28 Conexion establecida con exito.
[CPU-cpux] 2025/06/20 16:37:28 Recibido de memoria el frame: 0
[CPU-cpux] 2025/06/20 16:37:28 frame: 0
[CPU-cpux] 2025/06/20 16:37:28 type: WRITE
[CPU-cpux] 2025/06/20 16:37:28 value: 0
[CPU-cpux] 2025/06/20 16:37:50 Error al decodificar el JSON.
[CPU-cpux] 2025/06/20 16:37:50 ## PID: 0 - Ejecutando -> INSTRUCCION: WRITE - DATOS: EJEMPLO_DE_ENUNCIADO - DIRECCION: 43
[CPU-cpux] 2025/06/20 16:38:34 CPU cpux inicializada correctamente.
[CPU-cpux] 2025/06/20 16:38:34 Conexion establecida con exito.
[CPU-cpux] 2025/06/20 16:38:34 Conexión realizada con exito con el Kernel.
[CPU-cpux] 2025/06/20 16:38:34 Servidor corriendo, esperando PID y PC de Kernel.
[CPU-cpux] 2025/06/20 16:38:36 El Kernel envio PID: 0 - PC: 0
[CPU-cpux] 2025/06/20 16:38:36 Instruction given: WRITE 2667 EJEMPLO_DE_ENUNCIADO
[CPU-cpux] 2025/06/20 16:38:36 dir: 2667
[CPU-cpux] 2025/06/20 16:38:36 direccion a enviar: [0 0 0 2 2 1]
[CPU-cpux] 2025/06/20 16:38:36 Conexion establecida con exito.
[CPU-cpux] 2025/06/20 16:38:36 Recibido de memoria el frame: 0
[CPU-cpux] 2025/06/20 16:38:36 frame: 0
[CPU-cpux] 2025/06/20 16:38:36 type: WRITE
[CPU-cpux] 2025/06/20 16:38:36 value: 0
[CPU-cpux] 2025/06/20 16:38:57 Error al decodificar el JSON.
[CPU-cpux] 2025/06/20 16:38:57 ## PID: 0 - Ejecutando -> INSTRUCCION: WRITE - DATOS: EJEMPLO_DE_ENUNCIADO - DIRECCION: 43
[CPU-cpux] 2025/06/20 17:09:49 CPU cpux inicializada correctamente.
[CPU-cpux] 2025/06/20 17:09:49 Conexion establecida con exito.
[CPU-cpux] 2025/06/20 17:09:49 Conexión realizada con exito con el Kernel.
[CPU-cpux] 2025/06/20 17:09:49 Servidor corriendo, esperando PID y PC de Kernel.
[CPU-cpux] 2025/06/20 17:09:51 El Kernel envio PID: 0 - PC: 0
[CPU-cpux] 2025/06/20 17:09:51 Instruction given: WRITE 2667 EJEMPLO_DE_ENUNCIADO
[CPU-cpux] 2025/06/20 17:09:51 dir: 2667
[CPU-cpux] 2025/06/20 17:09:51 direccion a enviar: [0 0 0 2 2 1]
[CPU-cpux] 2025/06/20 17:09:51 Conexion establecida con exito.
[CPU-cpux] 2025/06/20 17:09:51 Recibido de memoria el frame: 0
[CPU-cpux] 2025/06/20 17:09:51 frame: 0
[CPU-cpux] 2025/06/20 17:09:51 type: WRITE
[CPU-cpux] 2025/06/20 17:09:51 value: 0
[CPU-cpux] 2025/06/20 17:10:13 Error al decodificar el JSON.
[CPU-cpux] 2025/06/20 17:10:13 ## PID: 0 - Ejecutando -> INSTRUCCION: WRITE - DATOS: EJEMPLO_DE_ENUNCIADO - DIRECCION: 43
[CPU-cpux] 2025/06/20 17:11:21 CPU cpux inicializada correctamente.
[CPU-cpux] 2025/06/20 17:11:21 Conexion establecida con exito.
[CPU-cpux] 2025/06/20 17:11:21 Conexión realizada con exito con el Kernel.
[CPU-cpux] 2025/06/20 17:11:21 Servidor corriendo, esperando PID y PC de Kernel.
[CPU-cpux] 2025/06/20 17:11:23 El Kernel envio PID: 0 - PC: 0
[CPU-cpux] 2025/06/20 17:11:23 Instruction given: WRITE 2667 EJEMPLO_DE_ENUNCIADO
[CPU-cpux] 2025/06/20 17:11:23 dir: 2667
[CPU-cpux] 2025/06/20 17:11:23 direccion a enviar: [0 0 0 2 2 1]
[CPU-cpux] 2025/06/20 17:11:23 Conexion establecida con exito.
[CPU-cpux] 2025/06/20 17:11:23 Recibido de memoria el frame: 0
[CPU-cpux] 2025/06/20 17:11:23 frame: 0
[CPU-cpux] 2025/06/20 17:11:23 type: WRITE
[CPU-cpux] 2025/06/20 17:11:23 value: 0
[CPU-cpux] 2025/06/20 17:11:45 Error al decodificar el JSON.
[CPU-cpux] 2025/06/20 17:11:45 ## PID: 0 - Ejecutando -> INSTRUCCION: WRITE - DATOS: EJEMPLO_DE_ENUNCIADO - DIRECCION: 43
[CPU-cpux] 2025/06/20 17:11:59 CPU cpux inicializada correctamente.
[CPU-cpux] 2025/06/20 17:11:59 Conexion establecida con exito.
[CPU-cpux] 2025/06/20 17:11:59 Conexión realizada con exito con el Kernel.
[CPU-cpux] 2025/06/20 17:11:59 Servidor corriendo, esperando PID y PC de Kernel.
[CPU-cpux] 2025/06/20 17:12:00 El Kernel envio PID: 0 - PC: 0
[CPU-cpux] 2025/06/20 17:12:00 Instruction given: WRITE 2667 EJEMPLO_DE_ENUNCIADO
[CPU-cpux] 2025/06/20 17:12:00 dir: 2667
[CPU-cpux] 2025/06/20 17:12:00 direccion a enviar: [0 0 0 2 2 1]
[CPU-cpux] 2025/06/20 17:12:00 Conexion establecida con exito.
[CPU-cpux] 2025/06/20 17:12:00 Recibido de memoria el frame: 0
[CPU-cpux] 2025/06/20 17:12:00 frame: 0
[CPU-cpux] 2025/06/20 17:12:00 type: WRITE
[CPU-cpux] 2025/06/20 17:12:00 value: 0
[CPU-cpux] 2025/06/20 17:12:15 Error al recibir respuesta.
[CPU-cpux] 2025/06/20 17:12:15 ## PID: 0 - Ejecutando -> INSTRUCCION: WRITE - DATOS: EJEMPLO_DE_ENUNCIADO - DIRECCION: 43
[CPU-cpux] 2025/06/20 17:12:24 CPU cpux inicializada correctamente.
[CPU-cpux] 2025/06/20 17:12:24 Conexion establecida con exito.
[CPU-cpux] 2025/06/20 17:12:24 Conexión realizada con exito con el Kernel.
[CPU-cpux] 2025/06/20 17:12:24 Servidor corriendo, esperando PID y PC de Kernel.
[CPU-cpux] 2025/06/20 17:12:26 El Kernel envio PID: 0 - PC: 0
[CPU-cpux] 2025/06/20 17:12:26 Instruction given: WRITE 2667 EJEMPLO_DE_ENUNCIADO
[CPU-cpux] 2025/06/20 17:12:26 dir: 2667
[CPU-cpux] 2025/06/20 17:12:26 direccion a enviar: [0 0 0 2 2 1]
[CPU-cpux] 2025/06/20 17:12:26 Conexion establecida con exito.
[CPU-cpux] 2025/06/20 17:12:26 Recibido de memoria el frame: 0
[CPU-cpux] 2025/06/20 17:12:26 frame: 0
[CPU-cpux] 2025/06/20 17:12:26 type: WRITE
[CPU-cpux] 2025/06/20 17:12:26 value: 0
[CPU-cpux] 2025/06/20 17:12:29 Error al recibir respuesta.
[CPU-cpux] 2025/06/20 17:12:29 ## PID: 0 - Ejecutando -> INSTRUCCION: WRITE - DATOS: EJEMPLO_DE_ENUNCIADO - DIRECCION: 43
[CPU-cpux] 2025/06/20 17:17:41 CPU cpux inicializada correctamente.
[CPU-cpux] 2025/06/20 17:17:41 Conexion establecida con exito.
[CPU-cpux] 2025/06/20 17:17:41 Conexión realizada con exito con el Kernel.
[CPU-cpux] 2025/06/20 17:17:41 Servidor corriendo, esperando PID y PC de Kernel.
[CPU-cpux] 2025/06/20 17:17:43 El Kernel envio PID: 0 - PC: 0
[CPU-cpux] 2025/06/20 17:17:43 Instruction given: WRITE 2667 EJEMPLO_DE_ENUNCIADO
[CPU-cpux] 2025/06/20 17:17:43 dir: 2667
[CPU-cpux] 2025/06/20 17:17:43 direccion a enviar: [0 0 0 2 2 1]
[CPU-cpux] 2025/06/20 17:17:43 Error al recibir respuesta.
[CPU-cpux] 2025/06/20 17:17:43 frame: 0
[CPU-cpux] 2025/06/20 17:17:43 type: WRITE
[CPU-cpux] 2025/06/20 17:17:43 value: 0
[CPU-cpux] 2025/06/20 17:17:59 Error al recibir respuesta.
[CPU-cpux] 2025/06/20 17:17:59 ## PID: 0 - Ejecutando -> INSTRUCCION: WRITE - DATOS: EJEMPLO_DE_ENUNCIADO - DIRECCION: 43
[CPU-cpux] 2025/06/20 17:19:25 CPU cpux inicializada correctamente.
[CPU-cpux] 2025/06/20 17:19:25 Conexion establecida con exito.
[CPU-cpux] 2025/06/20 17:19:25 Conexión realizada con exito con el Kernel.
[CPU-cpux] 2025/06/20 17:19:25 Servidor corriendo, esperando PID y PC de Kernel.
[CPU-cpux] 2025/06/20 17:19:26 El Kernel envio PID: 0 - PC: 0
[CPU-cpux] 2025/06/20 17:19:26 Instruction given: WRITE 2667 EJEMPLO_DE_ENUNCIADO
[CPU-cpux] 2025/06/20 17:19:26 dir: 2667
[CPU-cpux] 2025/06/20 17:19:26 direccion a enviar: [0 0 0 2 2 1]
[CPU-cpux] 2025/06/20 17:19:26 Conexion establecida con exito.
[CPU-cpux] 2025/06/20 17:19:26 Recibido de memoria el frame: 0
[CPU-cpux] 2025/06/20 17:19:26 frame: 0
[CPU-cpux] 2025/06/20 17:19:26 type: WRITE
[CPU-cpux] 2025/06/20 17:19:26 value: 0
[CPU-cpux] 2025/06/20 17:19:48 Error al decodificar el JSON.
[CPU-cpux] 2025/06/20 17:19:48 ## PID: 0 - Ejecutando -> INSTRUCCION: WRITE - DATOS: EJEMPLO_DE_ENUNCIADO - DIRECCION: 43
[CPU-cpux] 2025/06/20 17:21:27 CPU cpux inicializada correctamente.
[CPU-cpux] 2025/06/20 17:21:27 Conexion establecida con exito.
[CPU-cpux] 2025/06/20 17:21:27 Conexión realizada con exito con el Kernel.
[CPU-cpux] 2025/06/20 17:21:27 Servidor corriendo, esperando PID y PC de Kernel.
[CPU-cpux] 2025/06/20 17:21:27 El Kernel envio PID: 0 - PC: 0
[CPU-cpux] 2025/06/20 17:21:27 Instruction given: WRITE 2667 EJEMPLO_DE_ENUNCIADO
[CPU-cpux] 2025/06/20 17:21:27 dir: 2667
[CPU-cpux] 2025/06/20 17:21:27 direccion a enviar: [0 0 0 2 2 1]
[CPU-cpux] 2025/06/20 17:21:27 Conexion establecida con exito.
[CPU-cpux] 2025/06/20 17:21:27 Recibido de memoria el frame: 0
[CPU-cpux] 2025/06/20 17:21:27 frame: 0
[CPU-cpux] 2025/06/20 17:21:27 type: WRITE
[CPU-cpux] 2025/06/20 17:21:27 value: 0
[CPU-cpux] 2025/06/20 17:21:49 Error al decodificar el JSON.
[CPU-cpux] 2025/06/20 17:21:49 ## PID: 0 - Ejecutando -> INSTRUCCION: WRITE - DATOS: EJEMPLO_DE_ENUNCIADO - DIRECCION: 43
[CPU-cpux] 2025/06/20 18:02:01 CPU cpux inicializada correctamente.
[CPU-cpux] 2025/06/20 18:02:01 Conexion establecida con exito.
[CPU-cpux] 2025/06/20 18:02:01 Conexión realizada con exito con el Kernel.
[CPU-cpux] 2025/06/20 18:02:01 Servidor corriendo, esperando PID y PC de Kernel.
[CPU-cpux] 2025/06/20 18:02:02 El Kernel envio PID: 0 - PC: 0
[CPU-cpux] 2025/06/20 18:02:02 Instruction given: WRITE 2667 EJEMPLO_DE_ENUNCIADO
[CPU-cpux] 2025/06/20 18:02:02 dir: 2667
[CPU-cpux] 2025/06/20 18:02:02 direccion a enviar: [0 0 0 2 2 1]
[CPU-cpux] 2025/06/20 18:02:02 Conexion establecida con exito.
[CPU-cpux] 2025/06/20 18:02:02 Recibido de memoria el frame: 0
[CPU-cpux] 2025/06/20 18:02:02 frame: 0
[CPU-cpux] 2025/06/20 18:02:02 type: WRITE
[CPU-cpux] 2025/06/20 18:02:02 value: 0
[CPU-cpux] 2025/06/20 18:02:14 Error al recibir respuesta.
[CPU-cpux] 2025/06/20 18:02:14 ## PID: 0 - Ejecutando -> INSTRUCCION: WRITE - DATOS: EJEMPLO_DE_ENUNCIADO - DIRECCION: 43
[CPU-cpux] 2025/06/20 18:06:02 CPU cpux inicializada correctamente.
[CPU-cpux] 2025/06/20 18:06:02 Conexion establecida con exito.
[CPU-cpux] 2025/06/20 18:06:02 Conexión realizada con exito con el Kernel.
[CPU-cpux] 2025/06/20 18:06:02 Servidor corriendo, esperando PID y PC de Kernel.
[CPU-cpux] 2025/06/20 18:06:27 CPU cpux inicializada correctamente.
[CPU-cpux] 2025/06/20 18:06:27 Conexion establecida con exito.
[CPU-cpux] 2025/06/20 18:06:27 Conexión realizada con exito con el Kernel.
[CPU-cpux] 2025/06/20 18:06:27 Servidor corriendo, esperando PID y PC de Kernel.
[CPU-cpux] 2025/06/20 18:09:41 CPU cpux inicializada correctamente.
[CPU-cpux] 2025/06/20 18:09:41 Conexion establecida con exito.
[CPU-cpux] 2025/06/20 18:09:41 Conexión realizada con exito con el Kernel.
[CPU-cpux] 2025/06/20 18:09:41 Servidor corriendo, esperando PID y PC de Kernel.
[CPU-cpux] 2025/06/20 18:09:45 El Kernel envio PID: 0 - PC: 0
[CPU-cpux] 2025/06/20 18:09:45 Instruction given: WRITE 2667 EJEMPLO_DE_ENUNCIADO
[CPU-cpux] 2025/06/20 18:09:45 dir: 2667
[CPU-cpux] 2025/06/20 18:09:45 direccion a enviar: [0 0 0 2 2 1]
[CPU-cpux] 2025/06/20 18:09:45 Conexion establecida con exito.
[CPU-cpux] 2025/06/20 18:09:45 Recibido de memoria el frame: 0
[CPU-cpux] 2025/06/20 18:09:45 frame: 0
[CPU-cpux] 2025/06/20 18:09:45 type: WRITE
[CPU-cpux] 2025/06/20 18:09:45 value: 0
[CPU-cpux] 2025/06/20 18:09:59 Error al recibir respuesta.
[CPU-cpux] 2025/06/20 18:09:59 ## PID: 0 - Ejecutando -> INSTRUCCION: WRITE - DATOS: EJEMPLO_DE_ENUNCIADO - DIRECCION: 43
[CPU-cpux] 2025/06/20 18:11:56 CPU cpux inicializada correctamente.
[CPU-cpux] 2025/06/20 18:11:56 Conexion establecida con exito.
[CPU-cpux] 2025/06/20 18:11:56 Conexión realizada con exito con el Kernel.
[CPU-cpux] 2025/06/20 18:11:56 Servidor corriendo, esperando PID y PC de Kernel.
[CPU-cpux] 2025/06/20 18:11:57 El Kernel envio PID: 0 - PC: 0
[CPU-cpux] 2025/06/20 18:11:57 Instruction given: WRITE 2667 EJEMPLO_DE_ENUNCIADO
[CPU-cpux] 2025/06/20 18:11:57 dir: 2667
[CPU-cpux] 2025/06/20 18:11:57 direccion a enviar: [0 0 0 2 2 1]
[CPU-cpux] 2025/06/20 18:11:57 Conexion establecida con exito.
[CPU-cpux] 2025/06/20 18:11:57 Recibido de memoria el frame: 0
[CPU-cpux] 2025/06/20 18:11:57 frame: 0
[CPU-cpux] 2025/06/20 18:11:57 type: WRITE
[CPU-cpux] 2025/06/20 18:11:57 value: 0
[CPU-cpux] 2025/06/20 18:12:19 Error al decodificar el JSON.
[CPU-cpux] 2025/06/20 18:12:19 ## PID: 0 - Ejecutando -> INSTRUCCION: WRITE - DATOS: EJEMPLO_DE_ENUNCIADO - DIRECCION: 43
[CPU-cpux] 2025/06/20 18:12:37 CPU cpux inicializada correctamente.
[CPU-cpux] 2025/06/20 18:12:37 Conexion establecida con exito.
[CPU-cpux] 2025/06/20 18:12:37 Conexión realizada con exito con el Kernel.
[CPU-cpux] 2025/06/20 18:12:37 Servidor corriendo, esperando PID y PC de Kernel.
[CPU-cpux] 2025/06/20 18:12:38 El Kernel envio PID: 0 - PC: 0
[CPU-cpux] 2025/06/20 18:12:38 Instruction given: WRITE 2667 EJEMPLO_DE_ENUNCIADO
[CPU-cpux] 2025/06/20 18:12:38 dir: 2667
[CPU-cpux] 2025/06/20 18:12:38 direccion a enviar: [0 0 0 2 2 1]
[CPU-cpux] 2025/06/20 18:12:38 Conexion establecida con exito.
[CPU-cpux] 2025/06/20 18:12:38 Recibido de memoria el frame: 0
[CPU-cpux] 2025/06/20 18:12:38 frame: 0
[CPU-cpux] 2025/06/20 18:12:38 type: WRITE
[CPU-cpux] 2025/06/20 18:12:38 value: 0
[CPU-cpux] 2025/06/20 18:12:54 Error al recibir respuesta.
[CPU-cpux] 2025/06/20 18:12:54 ## PID: 0 - Ejecutando -> INSTRUCCION: WRITE - DATOS: EJEMPLO_DE_ENUNCIADO - DIRECCION: 43
[CPU-cpux] 2025/06/20 18:26:03 CPU cpux inicializada correctamente.
[CPU-cpux] 2025/06/20 18:26:03 Conexion establecida con exito.
[CPU-cpux] 2025/06/20 18:26:03 Conexión realizada con exito con el Kernel.
[CPU-cpux] 2025/06/20 18:26:03 Servidor corriendo, esperando PID y PC de Kernel.
[CPU-cpux] 2025/06/20 18:26:04 El Kernel envio PID: 0 - PC: 0
[CPU-cpux] 2025/06/20 18:26:04 Instruction given: WRITE 2667 EJEMPLO_DE_ENUNCIADO
[CPU-cpux] 2025/06/20 18:26:04 dir: 2667
[CPU-cpux] 2025/06/20 18:26:04 direccion a enviar: [0 0 0 2 2 1]
[CPU-cpux] 2025/06/20 18:26:04 Conexion establecida con exito.
[CPU-cpux] 2025/06/20 18:26:04 Recibido de memoria el frame: 0
[CPU-cpux] 2025/06/20 18:26:04 frame: 0
[CPU-cpux] 2025/06/20 18:26:04 type: WRITE
[CPU-cpux] 2025/06/20 18:26:04 value: 0
[CPU-cpux] 2025/06/20 18:26:27 Error al decodificar el JSON.
[CPU-cpux] 2025/06/20 18:26:27 ## PID: 0 - Ejecutando -> INSTRUCCION: WRITE - DATOS: EJEMPLO_DE_ENUNCIADO - DIRECCION: 43
[CPU-cpux] 2025/06/20 19:24:26 CPU cpux inicializada correctamente.
[CPU-cpux] 2025/06/20 19:24:26 Conexion establecida con exito.
[CPU-cpux] 2025/06/20 19:24:26 Conexión realizada con exito con el Kernel.
[CPU-cpux] 2025/06/20 19:24:26 Servidor corriendo, esperando PID y PC de Kernel.
[CPU-cpux] 2025/06/20 19:24:27 El Kernel envio PID: 0 - PC: 0
[CPU-cpux] 2025/06/20 19:24:27 Instruction given: WRITE 2667 EJEMPLO_DE_ENUNCIADO
[CPU-cpux] 2025/06/20 19:24:27 dir: 2667
[CPU-cpux] 2025/06/20 19:24:27 direccion a enviar: [0 0 0 2 2 1]
[CPU-cpux] 2025/06/20 19:24:27 Conexion establecida con exito.
[CPU-cpux] 2025/06/20 19:24:27 Recibido de memoria el frame: 0
[CPU-cpux] 2025/06/20 19:24:27 frame: 0
[CPU-cpux] 2025/06/20 19:24:27 type: WRITE
[CPU-cpux] 2025/06/20 19:24:27 value: 0
[CPU-cpux] 2025/06/20 19:24:27 Error al decodificar el JSON.
[CPU-cpux] 2025/06/20 19:24:27 ## PID: 0 - Ejecutando -> INSTRUCCION: WRITE - DATOS: EJEMPLO_DE_ENUNCIADO - DIRECCION: 43
[CPU-cpux] 2025/06/20 19:26:31 CPU cpux inicializada correctamente.
[CPU-cpux] 2025/06/20 19:26:31 Conexion establecida con exito.
[CPU-cpux] 2025/06/20 19:26:31 Conexión realizada con exito con el Kernel.
[CPU-cpux] 2025/06/20 19:26:31 Servidor corriendo, esperando PID y PC de Kernel.
[CPU-cpux] 2025/06/20 19:26:32 El Kernel envio PID: 0 - PC: 0
[CPU-cpux] 2025/06/20 19:26:32 Instruction given: WRITE 2667 EJEMPLO_DE_ENUNCIADO
[CPU-cpux] 2025/06/20 19:26:32 dir: 2667
[CPU-cpux] 2025/06/20 19:26:32 direccion a enviar: [0 0 0 2 2 1]
[CPU-cpux] 2025/06/20 19:26:32 Conexion establecida con exito.
[CPU-cpux] 2025/06/20 19:26:32 Recibido de memoria el frame: 0
[CPU-cpux] 2025/06/20 19:26:32 frame: 0
[CPU-cpux] 2025/06/20 19:26:32 type: WRITE
[CPU-cpux] 2025/06/20 19:26:32 value: 0
[CPU-cpux] 2025/06/20 19:26:32 Error al decodificar el JSON.
[CPU-cpux] 2025/06/20 19:26:32 ## PID: 0 - Ejecutando -> INSTRUCCION: WRITE - DATOS: EJEMPLO_DE_ENUNCIADO - DIRECCION: 43
[CPU-cpux] 2025/06/20 19:28:02 CPU cpux inicializada correctamente.
[CPU-cpux] 2025/06/20 19:28:02 Conexion establecida con exito.
[CPU-cpux] 2025/06/20 19:28:02 Conexión realizada con exito con el Kernel.
[CPU-cpux] 2025/06/20 19:28:02 Servidor corriendo, esperando PID y PC de Kernel.
[CPU-cpux] 2025/06/20 19:28:04 El Kernel envio PID: 0 - PC: 0
[CPU-cpux] 2025/06/20 19:28:04 Instruction given: WRITE 2667 EJEMPLO_DE_ENUNCIADO
[CPU-cpux] 2025/06/20 19:28:04 dir: 2667
[CPU-cpux] 2025/06/20 19:28:04 direccion a enviar: [0 0 0 2 2 1]
[CPU-cpux] 2025/06/20 19:28:04 Conexion establecida con exito.
[CPU-cpux] 2025/06/20 19:28:04 Recibido de memoria el frame: 0
[CPU-cpux] 2025/06/20 19:28:04 frame: 0
[CPU-cpux] 2025/06/20 19:28:04 type: WRITE
[CPU-cpux] 2025/06/20 19:28:04 value: 0
[CPU-cpux] 2025/06/20 19:28:04 Error al decodificar el JSON.
[CPU-cpux] 2025/06/20 19:28:04 ## PID: 0 - Ejecutando -> INSTRUCCION: WRITE - DATOS: EJEMPLO_DE_ENUNCIADO - DIRECCION: 43
[CPU-cpux] 2025/06/20 19:28:36 CPU cpux inicializada correctamente.
[CPU-cpux] 2025/06/20 19:28:36 Conexion establecida con exito.
[CPU-cpux] 2025/06/20 19:28:36 Conexión realizada con exito con el Kernel.
[CPU-cpux] 2025/06/20 19:28:36 Servidor corriendo, esperando PID y PC de Kernel.
[CPU-cpux] 2025/06/20 19:28:37 El Kernel envio PID: 0 - PC: 0
[CPU-cpux] 2025/06/20 19:28:37 Instruction given: WRITE 2667 EJEMPLO_DE_ENUNCIADO
[CPU-cpux] 2025/06/20 19:28:37 dir: 2667
[CPU-cpux] 2025/06/20 19:28:37 direccion a enviar: [0 0 0 2 2 1]
[CPU-cpux] 2025/06/20 19:28:37 Conexion establecida con exito.
[CPU-cpux] 2025/06/20 19:28:37 Recibido de memoria el frame: 0
[CPU-cpux] 2025/06/20 19:28:37 frame: 0
[CPU-cpux] 2025/06/20 19:28:37 type: WRITE
[CPU-cpux] 2025/06/20 19:28:37 value: 0
[CPU-cpux] 2025/06/20 19:28:37 Error al decodificar el JSON.
[CPU-cpux] 2025/06/20 19:28:37 ## PID: 0 - Ejecutando -> INSTRUCCION: WRITE - DATOS: EJEMPLO_DE_ENUNCIADO - DIRECCION: 43
[CPU-cpux] 2025/06/20 19:39:01 CPU cpux inicializada correctamente.
[CPU-cpux] 2025/06/20 19:39:01 Conexion establecida con exito.
[CPU-cpux] 2025/06/20 19:39:01 Conexión realizada con exito con el Kernel.
[CPU-cpux] 2025/06/20 19:39:01 Servidor corriendo, esperando PID y PC de Kernel.
[CPU-cpux] 2025/06/20 19:39:03 El Kernel envio PID: 0 - PC: 0
[CPU-cpux] 2025/06/20 19:39:03 Instruction given: WRITE 1 EJEMPLO_DE_ENUNCIADO
[CPU-cpux] 2025/06/20 19:39:03 dir: 1
[CPU-cpux] 2025/06/20 19:39:03 direccion a enviar: [0 0 0 0 0 0]
[CPU-cpux] 2025/06/20 19:39:03 Conexion establecida con exito.
[CPU-cpux] 2025/06/20 19:39:03 Recibido de memoria el frame: 0
[CPU-cpux] 2025/06/20 19:39:03 frame: 0
[CPU-cpux] 2025/06/20 19:39:03 type: WRITE
[CPU-cpux] 2025/06/20 19:39:03 value: 0
[CPU-cpux] 2025/06/20 19:39:03 Error al decodificar el JSON.
[CPU-cpux] 2025/06/20 19:39:03 ## PID: 0 - Ejecutando -> INSTRUCCION: WRITE - DATOS: EJEMPLO_DE_ENUNCIADO - DIRECCION: 1
[CPU-cpux] 2025/06/20 19:39:29 CPU cpux inicializada correctamente.
[CPU-cpux] 2025/06/20 19:39:29 Conexion establecida con exito.
[CPU-cpux] 2025/06/20 19:39:29 Conexión realizada con exito con el Kernel.
[CPU-cpux] 2025/06/20 19:39:29 Servidor corriendo, esperando PID y PC de Kernel.
[CPU-cpux] 2025/06/20 19:39:31 El Kernel envio PID: 0 - PC: 0
[CPU-cpux] 2025/06/20 19:39:31 Instruction given: WRITE 2 EJEMPLO_DE_ENUNCIADO
[CPU-cpux] 2025/06/20 19:39:31 dir: 2
[CPU-cpux] 2025/06/20 19:39:31 direccion a enviar: [0 0 0 0 0 0]
[CPU-cpux] 2025/06/20 19:39:31 Conexion establecida con exito.
[CPU-cpux] 2025/06/20 19:39:31 Recibido de memoria el frame: 0
[CPU-cpux] 2025/06/20 19:39:31 frame: 0
[CPU-cpux] 2025/06/20 19:39:31 type: WRITE
[CPU-cpux] 2025/06/20 19:39:31 value: 0
[CPU-cpux] 2025/06/20 19:39:31 Error al decodificar el JSON.
[CPU-cpux] 2025/06/20 19:39:31 ## PID: 0 - Ejecutando -> INSTRUCCION: WRITE - DATOS: EJEMPLO_DE_ENUNCIADO - DIRECCION: 2
[CPU-cpux] 2025/06/20 19:40:00 CPU cpux inicializada correctamente.
[CPU-cpux] 2025/06/20 19:40:00 Conexion establecida con exito.
[CPU-cpux] 2025/06/20 19:40:00 Conexión realizada con exito con el Kernel.
[CPU-cpux] 2025/06/20 19:40:00 Servidor corriendo, esperando PID y PC de Kernel.
[CPU-cpux] 2025/06/20 19:40:01 El Kernel envio PID: 0 - PC: 0
[CPU-cpux] 2025/06/20 19:40:01 Instruction given: WRITE 65 EJEMPLO_DE_ENUNCIADO
[CPU-cpux] 2025/06/20 19:40:01 dir: 65
[CPU-cpux] 2025/06/20 19:40:01 direccion a enviar: [0 0 0 0 0 1]
[CPU-cpux] 2025/06/20 19:40:01 Conexion establecida con exito.
[CPU-cpux] 2025/06/20 19:40:01 Recibido de memoria el frame: 0
[CPU-cpux] 2025/06/20 19:40:01 frame: 0
[CPU-cpux] 2025/06/20 19:40:01 type: WRITE
[CPU-cpux] 2025/06/20 19:40:01 value: 0
[CPU-cpux] 2025/06/20 19:40:01 Error al decodificar el JSON.
[CPU-cpux] 2025/06/20 19:40:01 ## PID: 0 - Ejecutando -> INSTRUCCION: WRITE - DATOS: EJEMPLO_DE_ENUNCIADO - DIRECCION: 1
[CPU-cpux] 2025/06/20 19:40:30 CPU cpux inicializada correctamente.
[CPU-cpux] 2025/06/20 19:40:30 Conexion establecida con exito.
[CPU-cpux] 2025/06/20 19:40:30 Conexión realizada con exito con el Kernel.
[CPU-cpux] 2025/06/20 19:40:30 Servidor corriendo, esperando PID y PC de Kernel.
[CPU-cpux] 2025/06/20 19:40:31 El Kernel envio PID: 0 - PC: 0
[CPU-cpux] 2025/06/20 19:40:31 Instruction given: WRITE 165 EJEMPLO_DE_ENUNCIADO
[CPU-cpux] 2025/06/20 19:40:31 dir: 165
[CPU-cpux] 2025/06/20 19:40:31 direccion a enviar: [0 0 0 0 0 2]
[CPU-cpux] 2025/06/20 19:40:31 Conexion establecida con exito.
[CPU-cpux] 2025/06/20 19:40:31 Recibido de memoria el frame: 0
[CPU-cpux] 2025/06/20 19:40:31 frame: 0
[CPU-cpux] 2025/06/20 19:40:31 type: WRITE
[CPU-cpux] 2025/06/20 19:40:31 value: 0
[CPU-cpux] 2025/06/20 19:40:31 Error al decodificar el JSON.
[CPU-cpux] 2025/06/20 19:40:31 ## PID: 0 - Ejecutando -> INSTRUCCION: WRITE - DATOS: EJEMPLO_DE_ENUNCIADO - DIRECCION: 37
[CPU-cpux] 2025/06/20 19:41:03 CPU cpux inicializada correctamente.
[CPU-cpux] 2025/06/20 19:41:03 Conexion establecida con exito.
[CPU-cpux] 2025/06/20 19:41:03 Conexión realizada con exito con el Kernel.
[CPU-cpux] 2025/06/20 19:41:03 Servidor corriendo, esperando PID y PC de Kernel.
[CPU-cpux] 2025/06/20 19:41:04 El Kernel envio PID: 0 - PC: 0
[CPU-cpux] 2025/06/20 19:41:04 Instruction given: WRITE 1605 EJEMPLO_DE_ENUNCIADO
[CPU-cpux] 2025/06/20 19:41:04 dir: 1605
[CPU-cpux] 2025/06/20 19:41:04 direccion a enviar: [0 0 0 1 2 1]
[CPU-cpux] 2025/06/20 19:41:04 Conexion establecida con exito.
[CPU-cpux] 2025/06/20 19:41:04 Recibido de memoria el frame: 0
[CPU-cpux] 2025/06/20 19:41:04 frame: 0
[CPU-cpux] 2025/06/20 19:41:04 type: WRITE
[CPU-cpux] 2025/06/20 19:41:04 value: 0
[CPU-cpux] 2025/06/20 19:41:04 Error al decodificar el JSON.
[CPU-cpux] 2025/06/20 19:41:04 ## PID: 0 - Ejecutando -> INSTRUCCION: WRITE - DATOS: EJEMPLO_DE_ENUNCIADO - DIRECCION: 5
[CPU-cpux] 2025/06/20 19:41:26 CPU cpux inicializada correctamente.
[CPU-cpux] 2025/06/20 19:41:26 Conexion establecida con exito.
[CPU-cpux] 2025/06/20 19:41:26 Conexión realizada con exito con el Kernel.
[CPU-cpux] 2025/06/20 19:41:26 Servidor corriendo, esperando PID y PC de Kernel.
[CPU-cpux] 2025/06/20 19:41:28 El Kernel envio PID: 0 - PC: 0
[CPU-cpux] 2025/06/20 19:41:28 Instruction given: WRITE 250 EJEMPLO_DE_ENUNCIADO
[CPU-cpux] 2025/06/20 19:41:28 dir: 250
[CPU-cpux] 2025/06/20 19:41:28 direccion a enviar: [0 0 0 0 0 3]
[CPU-cpux] 2025/06/20 19:41:28 Conexion establecida con exito.
[CPU-cpux] 2025/06/20 19:41:28 Recibido de memoria el frame: 0
[CPU-cpux] 2025/06/20 19:41:28 frame: 0
[CPU-cpux] 2025/06/20 19:41:28 type: WRITE
[CPU-cpux] 2025/06/20 19:41:28 value: 0
[CPU-cpux] 2025/06/20 19:41:28 Error al decodificar el JSON.
[CPU-cpux] 2025/06/20 19:41:28 ## PID: 0 - Ejecutando -> INSTRUCCION: WRITE - DATOS: EJEMPLO_DE_ENUNCIADO - DIRECCION: 58
[CPU-cpux] 2025/06/20 19:41:50 CPU cpux inicializada correctamente.
[CPU-cpux] 2025/06/20 19:41:50 Conexion establecida con exito.
[CPU-cpux] 2025/06/20 19:41:50 Conexión realizada con exito con el Kernel.
[CPU-cpux] 2025/06/20 19:41:50 Servidor corriendo, esperando PID y PC de Kernel.
[CPU-cpux] 2025/06/20 19:41:51 El Kernel envio PID: 0 - PC: 0
[CPU-cpux] 2025/06/20 19:41:51 Instruction given: WRITE 500 EJEMPLO_DE_ENUNCIADO
[CPU-cpux] 2025/06/20 19:41:51 dir: 500
[CPU-cpux] 2025/06/20 19:41:51 direccion a enviar: [0 0 0 0 1 3]
[CPU-cpux] 2025/06/20 19:41:51 Conexion establecida con exito.
[CPU-cpux] 2025/06/20 19:41:51 Recibido de memoria el frame: 0
[CPU-cpux] 2025/06/20 19:41:51 frame: 0
[CPU-cpux] 2025/06/20 19:41:51 type: WRITE
[CPU-cpux] 2025/06/20 19:41:51 value: 0
[CPU-cpux] 2025/06/20 19:41:51 Error al decodificar el JSON.
[CPU-cpux] 2025/06/20 19:41:51 ## PID: 0 - Ejecutando -> INSTRUCCION: WRITE - DATOS: EJEMPLO_DE_ENUNCIADO - DIRECCION: 52
[CPU-cpux] 2025/06/20 19:43:04 CPU cpux inicializada correctamente.
[CPU-cpux] 2025/06/20 19:43:04 Conexion establecida con exito.
[CPU-cpux] 2025/06/20 19:43:04 Conexión realizada con exito con el Kernel.
[CPU-cpux] 2025/06/20 19:43:04 Servidor corriendo, esperando PID y PC de Kernel.
[CPU-cpux] 2025/06/20 19:43:06 El Kernel envio PID: 0 - PC: 0
[CPU-cpux] 2025/06/20 19:43:06 Instruction given: WRITE 500 EJEMPLO_DE_ENUNCIADO
[CPU-cpux] 2025/06/20 19:43:06 dir: 500
[CPU-cpux] 2025/06/20 19:43:06 direccion a enviar: [0 0 0 0 1 3]
[CPU-cpux] 2025/06/20 19:43:06 Conexion establecida con exito.
[CPU-cpux] 2025/06/20 19:43:06 Recibido de memoria el frame: 0
[CPU-cpux] 2025/06/20 19:43:06 frame: 0
[CPU-cpux] 2025/06/20 19:43:06 type: WRITE
[CPU-cpux] 2025/06/20 19:43:06 value: 0
[CPU-cpux] 2025/06/20 19:43:15 Error al decodificar el JSON.
[CPU-cpux] 2025/06/20 19:43:15 ## PID: 0 - Ejecutando -> INSTRUCCION: WRITE - DATOS: EJEMPLO_DE_ENUNCIADO - DIRECCION: 52
[CPU-cpux] 2025/06/20 19:58:50 CPU cpux inicializada correctamente.
[CPU-cpux] 2025/06/20 19:58:50 Conexion establecida con exito.
[CPU-cpux] 2025/06/20 19:58:50 Conexión realizada con exito con el Kernel.
[CPU-cpux] 2025/06/20 19:58:50 Servidor corriendo, esperando PID y PC de Kernel.
[CPU-cpux] 2025/06/20 19:58:51 El Kernel envio PID: 0 - PC: 0
[CPU-cpux] 2025/06/20 19:58:51 Instruction given: WRITE 500 EJEMPLO_DE_ENUNCIADO
[CPU-cpux] 2025/06/20 19:58:51 dir: 500
[CPU-cpux] 2025/06/20 19:58:51 direccion a enviar: [0 0 0 0 1 3]
[CPU-cpux] 2025/06/20 19:58:51 Conexion establecida con exito.
[CPU-cpux] 2025/06/20 19:58:51 Recibido de memoria el frame: 0
[CPU-cpux] 2025/06/20 19:58:51 frame: 0
[CPU-cpux] 2025/06/20 19:58:51 type: WRITE
[CPU-cpux] 2025/06/20 19:58:51 value: 0
[CPU-cpux] 2025/06/20 19:59:01 Error al decodificar el JSON.
[CPU-cpux] 2025/06/20 19:59:01 ## PID: 0 - Ejecutando -> INSTRUCCION: WRITE - DATOS: EJEMPLO_DE_ENUNCIADO - DIRECCION: 52
[CPU-cpux] 2025/06/20 19:59:38 CPU cpux inicializada correctamente.
[CPU-cpux] 2025/06/20 19:59:38 Conexion establecida con exito.
[CPU-cpux] 2025/06/20 19:59:38 Conexión realizada con exito con el Kernel.
[CPU-cpux] 2025/06/20 19:59:38 Servidor corriendo, esperando PID y PC de Kernel.
[CPU-cpux] 2025/06/20 19:59:39 El Kernel envio PID: 0 - PC: 0
[CPU-cpux] 2025/06/20 19:59:39 Instruction given: WRITE 500 EJEMPLO_DE_ENUNCIADO
[CPU-cpux] 2025/06/20 19:59:39 dir: 500
[CPU-cpux] 2025/06/20 19:59:39 direccion a enviar: [0 0 0 0 1 3]
[CPU-cpux] 2025/06/20 19:59:39 Conexion establecida con exito.
[CPU-cpux] 2025/06/20 19:59:39 Recibido de memoria el frame: 0
[CPU-cpux] 2025/06/20 19:59:39 frame: 0
[CPU-cpux] 2025/06/20 19:59:39 type: WRITE
[CPU-cpux] 2025/06/20 19:59:39 value: 0
[CPU-cpux] 2025/06/20 19:59:48 Error al decodificar el JSON.
[CPU-cpux] 2025/06/20 19:59:48 ## PID: 0 - Ejecutando -> INSTRUCCION: WRITE - DATOS: EJEMPLO_DE_ENUNCIADO - DIRECCION: 52
