2025/06/25 00:19:39 Presione enter para inciar el planificador
2025/06/25 00:19:39 Servidor corriendo.
2025/06/25 00:19:40 Handshake recibido: Port: 8004 - Instance: cpuX - Ip: 127.0.0.1
2025/06/25 00:19:41 Planificador de largo plazo ejecutando
2025/06/25 00:19:41 ## (<0>) Se crea el proceso - Estado: NEW 
2025/06/25 00:19:41 Conexion establecida con exito 
2025/06/25 00:19:41 La respuesta del server fue: Recibi de Kernel
2025/06/25 00:19:41 Se pasa el proceso PID: 0 a READY
2025/06/25 00:19:41 ## (<0>) Pasa del estado NEW al estado READY  
2025/06/25 00:19:41 se pasa el proceso PID: 0 a EXECUTE
2025/06/25 00:19:41 ## (<0>) Pasa del estado READY al estado EXECUTE 
2025/06/25 00:19:41 Conexion establecida con exito 
2025/06/25 00:19:41 La respuesta del server fue: PC y PID recbidos correctamente
2025/06/25 00:19:41 contexto de devolucion del proceso: 
2025/06/25 00:19:41 Conexion establecida con exito 
2025/06/25 01:00:04 Presione enter para inciar el planificador
2025/06/25 01:00:04 Servidor corriendo.
2025/06/25 01:00:06 Handshake recibido: Port: 8004 - Instance: cpuX - Ip: 127.0.0.1
2025/06/25 01:00:07 Planificador de largo plazo ejecutando
2025/06/25 01:00:07 ## (<0>) Se crea el proceso - Estado: NEW 
2025/06/25 01:00:07 Conexion establecida con exito 
2025/06/25 01:00:07 La respuesta del server fue: Recibi de Kernel
2025/06/25 01:00:07 Se pasa el proceso PID: 0 a READY
2025/06/25 01:00:07 ## (<0>) Pasa del estado NEW al estado READY  
2025/06/25 01:00:07 se pasa el proceso PID: 0 a EXECUTE
2025/06/25 01:00:07 ## (<0>) Pasa del estado READY al estado EXECUTE 
2025/06/25 01:00:07 Conexion establecida con exito 
2025/06/25 01:00:07 La respuesta del server fue: PC y PID recbidos correctamente
2025/06/25 01:01:03 Presione enter para inciar el planificador
2025/06/25 01:01:03 Servidor corriendo.
2025/06/25 01:01:04 Handshake recibido: Port: 8004 - Instance: cpuX - Ip: 127.0.0.1
2025/06/25 01:01:05 Planificador de largo plazo ejecutando
2025/06/25 01:01:05 ## (<0>) Se crea el proceso - Estado: NEW 
2025/06/25 01:01:05 Conexion establecida con exito 
2025/06/25 01:01:05 La respuesta del server fue: Recibi de Kernel
2025/06/25 01:01:05 Se pasa el proceso PID: 0 a READY
2025/06/25 01:01:05 ## (<0>) Pasa del estado NEW al estado READY  
2025/06/25 01:01:05 se pasa el proceso PID: 0 a EXECUTE
2025/06/25 01:01:05 ## (<0>) Pasa del estado READY al estado EXECUTE 
2025/06/25 01:01:05 Conexion establecida con exito 
2025/06/25 01:01:05 La respuesta del server fue: PC y PID recbidos correctamente
2025/06/25 01:01:41 Servidor corriendo.
2025/06/25 01:01:41 Presione enter para inciar el planificador
2025/06/25 01:01:42 Handshake recibido: Port: 8004 - Instance: cpuX - Ip: 127.0.0.1
2025/06/25 01:01:43 Planificador de largo plazo ejecutando
2025/06/25 01:01:43 ## (<0>) Se crea el proceso - Estado: NEW 
2025/06/25 01:01:43 Conexion establecida con exito 
2025/06/25 01:01:43 La respuesta del server fue: Recibi de Kernel
2025/06/25 01:01:43 Se pasa el proceso PID: 0 a READY
2025/06/25 01:01:43 ## (<0>) Pasa del estado NEW al estado READY  
2025/06/25 01:01:43 se pasa el proceso PID: 0 a EXECUTE
2025/06/25 01:01:43 ## (<0>) Pasa del estado READY al estado EXECUTE 
2025/06/25 01:01:43 Conexion establecida con exito 
2025/06/25 01:01:43 La respuesta del server fue: PC y PID recbidos correctamente
2025/06/25 01:02:34 Servidor corriendo.
2025/06/25 01:02:34 Presione enter para inciar el planificador
2025/06/25 01:02:35 Handshake recibido: Port: 8004 - Instance: cpuX - Ip: 127.0.0.1
2025/06/25 01:02:36 Planificador de largo plazo ejecutando
2025/06/25 01:02:36 ## (<0>) Se crea el proceso - Estado: NEW 
2025/06/25 01:02:36 Conexion establecida con exito 
2025/06/25 01:02:36 La respuesta del server fue: Recibi de Kernel
2025/06/25 01:02:36 Se pasa el proceso PID: 0 a READY
2025/06/25 01:02:36 ## (<0>) Pasa del estado NEW al estado READY  
2025/06/25 01:02:36 se pasa el proceso PID: 0 a EXECUTE
2025/06/25 01:02:36 ## (<0>) Pasa del estado READY al estado EXECUTE 
2025/06/25 01:02:36 Conexion establecida con exito 
2025/06/25 01:02:36 La respuesta del server fue: PC y PID recbidos correctamente
2025/06/25 01:03:23 Presione enter para inciar el planificador
2025/06/25 01:03:23 Servidor corriendo.
2025/06/25 01:03:26 Handshake recibido: Port: 8004 - Instance: cpuX - Ip: 127.0.0.1
2025/06/25 01:03:27 Planificador de largo plazo ejecutando
2025/06/25 01:03:27 ## (<0>) Se crea el proceso - Estado: NEW 
2025/06/25 01:03:27 Conexion establecida con exito 
2025/06/25 01:03:27 La respuesta del server fue: Recibi de Kernel
2025/06/25 01:03:27 Se pasa el proceso PID: 0 a READY
2025/06/25 01:03:27 ## (<0>) Pasa del estado NEW al estado READY  
2025/06/25 01:03:27 se pasa el proceso PID: 0 a EXECUTE
2025/06/25 01:03:27 ## (<0>) Pasa del estado READY al estado EXECUTE 
2025/06/25 01:03:27 Conexion establecida con exito 
2025/06/25 01:03:27 La respuesta del server fue: PC y PID recbidos correctamente
2025/06/25 01:04:12 Presione enter para inciar el planificador
2025/06/25 01:04:12 Servidor corriendo.
2025/06/25 01:04:13 Handshake recibido: Port: 8004 - Instance: cpuX - Ip: 127.0.0.1
2025/06/25 01:04:14 Planificador de largo plazo ejecutando
2025/06/25 01:04:14 ## (<0>) Se crea el proceso - Estado: NEW 
2025/06/25 01:04:14 Conexion establecida con exito 
2025/06/25 01:04:14 La respuesta del server fue: Recibi de Kernel
2025/06/25 01:04:14 Se pasa el proceso PID: 0 a READY
2025/06/25 01:04:14 ## (<0>) Pasa del estado NEW al estado READY  
2025/06/25 01:04:14 se pasa el proceso PID: 0 a EXECUTE
2025/06/25 01:04:14 ## (<0>) Pasa del estado READY al estado EXECUTE 
2025/06/25 01:04:14 Conexion establecida con exito 
2025/06/25 01:04:14 La respuesta del server fue: PC y PID recbidos correctamente
2025/06/25 01:05:24 Presione enter para inciar el planificador
2025/06/25 01:05:24 Servidor corriendo.
2025/06/25 01:05:28 Handshake recibido: Port: 8004 - Instance: cpuX - Ip: 127.0.0.1
2025/06/25 01:05:29 Planificador de largo plazo ejecutando
2025/06/25 01:05:29 ## (<0>) Se crea el proceso - Estado: NEW 
2025/06/25 01:05:29 Conexion establecida con exito 
2025/06/25 01:05:29 La respuesta del server fue: Recibi de Kernel
2025/06/25 01:05:29 Se pasa el proceso PID: 0 a READY
2025/06/25 01:05:29 ## (<0>) Pasa del estado NEW al estado READY  
2025/06/25 01:05:29 se pasa el proceso PID: 0 a EXECUTE
2025/06/25 01:05:29 ## (<0>) Pasa del estado READY al estado EXECUTE 
2025/06/25 01:05:29 Conexion establecida con exito 
2025/06/25 01:05:29 La respuesta del server fue: PC y PID recbidos correctamente
2025/06/25 01:06:08 Presione enter para inciar el planificador
2025/06/25 01:06:08 Servidor corriendo.
2025/06/25 01:06:09 Handshake recibido: Port: 8004 - Instance: cpuX - Ip: 127.0.0.1
2025/06/25 01:06:10 Planificador de largo plazo ejecutando
2025/06/25 01:06:10 ## (<0>) Se crea el proceso - Estado: NEW 
2025/06/25 01:06:10 Conexion establecida con exito 
2025/06/25 01:06:10 La respuesta del server fue: Recibi de Kernel
2025/06/25 01:06:10 Se pasa el proceso PID: 0 a READY
2025/06/25 01:06:10 ## (<0>) Pasa del estado NEW al estado READY  
2025/06/25 01:06:10 se pasa el proceso PID: 0 a EXECUTE
2025/06/25 01:06:10 ## (<0>) Pasa del estado READY al estado EXECUTE 
2025/06/25 01:06:10 Conexion establecida con exito 
2025/06/25 01:06:10 La respuesta del server fue: PC y PID recbidos correctamente
2025/06/25 01:07:24 Presione enter para inciar el planificador
2025/06/25 01:07:24 Servidor corriendo.
2025/06/25 01:07:25 Handshake recibido: Port: 8004 - Instance: cpuX - Ip: 127.0.0.1
2025/06/25 01:07:25 Planificador de largo plazo ejecutando
2025/06/25 01:07:25 ## (<0>) Se crea el proceso - Estado: NEW 
2025/06/25 01:07:25 Conexion establecida con exito 
2025/06/25 01:07:25 La respuesta del server fue: Recibi de Kernel
2025/06/25 01:07:25 Se pasa el proceso PID: 0 a READY
2025/06/25 01:07:25 ## (<0>) Pasa del estado NEW al estado READY  
2025/06/25 01:07:25 se pasa el proceso PID: 0 a EXECUTE
2025/06/25 01:07:25 ## (<0>) Pasa del estado READY al estado EXECUTE 
2025/06/25 01:07:25 Conexion establecida con exito 
2025/06/25 01:07:25 La respuesta del server fue: PC y PID recbidos correctamente
2025/06/25 01:09:23 Servidor corriendo.
2025/06/25 01:09:23 Presione enter para inciar el planificador
2025/06/25 01:09:24 Handshake recibido: Port: 8004 - Instance: cpuX - Ip: 127.0.0.1
2025/06/25 01:09:25 Planificador de largo plazo ejecutando
2025/06/25 01:09:25 ## (<0>) Se crea el proceso - Estado: NEW 
2025/06/25 01:09:25 Conexion establecida con exito 
2025/06/25 01:09:25 La respuesta del server fue: Recibi de Kernel
2025/06/25 01:09:25 Se pasa el proceso PID: 0 a READY
2025/06/25 01:09:25 ## (<0>) Pasa del estado NEW al estado READY  
2025/06/25 01:09:25 se pasa el proceso PID: 0 a EXECUTE
2025/06/25 01:09:25 ## (<0>) Pasa del estado READY al estado EXECUTE 
2025/06/25 01:09:25 Conexion establecida con exito 
2025/06/25 01:09:25 La respuesta del server fue: PC y PID recbidos correctamente
2025/06/25 01:13:32 Presione enter para inciar el planificador
2025/06/25 01:13:32 Servidor corriendo.
2025/06/25 01:13:33 Handshake recibido: Port: 8004 - Instance: cpuX - Ip: 127.0.0.1
2025/06/25 01:13:35 Planificador de largo plazo ejecutando
2025/06/25 01:13:35 ## (<0>) Se crea el proceso - Estado: NEW 
2025/06/25 01:13:35 Conexion establecida con exito 
2025/06/25 01:13:35 La respuesta del server fue: Recibi de Kernel
2025/06/25 01:13:35 Se pasa el proceso PID: 0 a READY
2025/06/25 01:13:35 ## (<0>) Pasa del estado NEW al estado READY  
2025/06/25 01:13:35 se pasa el proceso PID: 0 a EXECUTE
2025/06/25 01:13:35 ## (<0>) Pasa del estado READY al estado EXECUTE 
2025/06/25 01:13:35 Conexion establecida con exito 
2025/06/25 01:13:35 La respuesta del server fue: PC y PID recbidos correctamente
2025/06/25 01:14:08 Presione enter para inciar el planificador
2025/06/25 01:14:08 Servidor corriendo.
2025/06/25 01:14:09 Handshake recibido: Port: 8004 - Instance: cpuX - Ip: 127.0.0.1
2025/06/25 01:14:11 Planificador de largo plazo ejecutando
2025/06/25 01:14:11 ## (<0>) Se crea el proceso - Estado: NEW 
2025/06/25 01:14:11 Conexion establecida con exito 
2025/06/25 01:14:11 La respuesta del server fue: Recibi de Kernel
2025/06/25 01:14:11 Se pasa el proceso PID: 0 a READY
2025/06/25 01:14:11 ## (<0>) Pasa del estado NEW al estado READY  
2025/06/25 01:14:11 se pasa el proceso PID: 0 a EXECUTE
2025/06/25 01:14:11 ## (<0>) Pasa del estado READY al estado EXECUTE 
2025/06/25 01:14:11 Conexion establecida con exito 
2025/06/25 01:14:11 La respuesta del server fue: PC y PID recbidos correctamente
2025/06/25 01:14:22 contexto de devolucion del proceso: 
2025/06/25 01:14:22 Conexion establecida con exito 
2025/06/25 01:15:58 Servidor corriendo.
2025/06/25 01:15:58 Presione enter para inciar el planificador
2025/06/25 01:16:00 Handshake recibido: Port: 8004 - Instance: cpuX - Ip: 127.0.0.1
2025/06/25 01:16:01 Planificador de largo plazo ejecutando
2025/06/25 01:16:01 ## (<0>) Se crea el proceso - Estado: NEW 
2025/06/25 01:16:01 Conexion establecida con exito 
2025/06/25 01:16:01 La respuesta del server fue: Recibi de Kernel
2025/06/25 01:16:01 Se pasa el proceso PID: 0 a READY
2025/06/25 01:16:01 ## (<0>) Pasa del estado NEW al estado READY  
2025/06/25 01:16:01 se pasa el proceso PID: 0 a EXECUTE
2025/06/25 01:16:01 ## (<0>) Pasa del estado READY al estado EXECUTE 
2025/06/25 01:16:01 Conexion establecida con exito 
2025/06/25 01:16:01 La respuesta del server fue: PC y PID recbidos correctamente
2025/06/25 01:16:21 Servidor corriendo.
2025/06/25 01:16:21 Presione enter para inciar el planificador
2025/06/25 01:16:22 Handshake recibido: Port: 8004 - Instance: cpuX - Ip: 127.0.0.1
2025/06/25 01:16:23 Planificador de largo plazo ejecutando
2025/06/25 01:16:23 ## (<0>) Se crea el proceso - Estado: NEW 
2025/06/25 01:16:23 Conexion establecida con exito 
2025/06/25 01:16:23 La respuesta del server fue: Recibi de Kernel
2025/06/25 01:16:23 Se pasa el proceso PID: 0 a READY
2025/06/25 01:16:23 ## (<0>) Pasa del estado NEW al estado READY  
2025/06/25 01:16:23 se pasa el proceso PID: 0 a EXECUTE
2025/06/25 01:16:23 ## (<0>) Pasa del estado READY al estado EXECUTE 
2025/06/25 01:16:23 Conexion establecida con exito 
2025/06/25 01:16:23 La respuesta del server fue: PC y PID recbidos correctamente
2025/06/25 01:17:07 Presione enter para inciar el planificador
2025/06/25 01:17:07 Servidor corriendo.
2025/06/25 01:17:08 Handshake recibido: Port: 8004 - Instance: cpuX - Ip: 127.0.0.1
2025/06/25 01:17:08 Planificador de largo plazo ejecutando
2025/06/25 01:17:08 ## (<0>) Se crea el proceso - Estado: NEW 
2025/06/25 01:17:08 Conexion establecida con exito 
2025/06/25 01:17:08 La respuesta del server fue: Recibi de Kernel
2025/06/25 01:17:08 Se pasa el proceso PID: 0 a READY
2025/06/25 01:17:08 ## (<0>) Pasa del estado NEW al estado READY  
2025/06/25 01:17:08 se pasa el proceso PID: 0 a EXECUTE
2025/06/25 01:17:08 ## (<0>) Pasa del estado READY al estado EXECUTE 
2025/06/25 01:17:08 Conexion establecida con exito 
2025/06/25 01:17:08 La respuesta del server fue: PC y PID recbidos correctamente
2025/06/25 01:20:38 Servidor corriendo.
2025/06/25 01:20:38 Presione enter para inciar el planificador
2025/06/25 01:20:39 Handshake recibido: Port: 8004 - Instance: cpuX - Ip: 127.0.0.1
2025/06/25 01:20:40 Planificador de largo plazo ejecutando
2025/06/25 01:20:40 ## (<0>) Se crea el proceso - Estado: NEW 
2025/06/25 01:20:40 Conexion establecida con exito 
2025/06/25 01:20:40 La respuesta del server fue: Recibi de Kernel
2025/06/25 01:20:40 Se pasa el proceso PID: 0 a READY
2025/06/25 01:20:40 ## (<0>) Pasa del estado NEW al estado READY  
2025/06/25 01:20:40 se pasa el proceso PID: 0 a EXECUTE
2025/06/25 01:20:40 ## (<0>) Pasa del estado READY al estado EXECUTE 
2025/06/25 01:20:40 Conexion establecida con exito 
2025/06/25 01:20:40 La respuesta del server fue: PC y PID recbidos correctamente
2025/06/25 01:21:02 Presione enter para inciar el planificador
2025/06/25 01:21:02 Servidor corriendo.
2025/06/25 01:21:03 Handshake recibido: Port: 8004 - Instance: cpuX - Ip: 127.0.0.1
2025/06/25 01:21:03 Planificador de largo plazo ejecutando
2025/06/25 01:21:03 ## (<0>) Se crea el proceso - Estado: NEW 
2025/06/25 01:21:03 Conexion establecida con exito 
2025/06/25 01:21:03 La respuesta del server fue: Recibi de Kernel
2025/06/25 01:21:03 Se pasa el proceso PID: 0 a READY
2025/06/25 01:21:03 ## (<0>) Pasa del estado NEW al estado READY  
2025/06/25 01:21:03 se pasa el proceso PID: 0 a EXECUTE
2025/06/25 01:21:03 ## (<0>) Pasa del estado READY al estado EXECUTE 
2025/06/25 01:21:03 Conexion establecida con exito 
2025/06/25 01:21:03 La respuesta del server fue: PC y PID recbidos correctamente
2025/06/25 01:21:14 contexto de devolucion del proceso: 
2025/06/25 01:21:14 Conexion establecida con exito 
2025/06/25 01:22:45 Servidor corriendo.
2025/06/25 01:22:45 Presione enter para inciar el planificador
2025/06/25 01:22:47 Handshake recibido: Port: 8004 - Instance: cpuX - Ip: 127.0.0.1
2025/06/25 01:22:48 Planificador de largo plazo ejecutando
2025/06/25 01:22:48 ## (<0>) Se crea el proceso - Estado: NEW 
2025/06/25 01:22:48 Conexion establecida con exito 
2025/06/25 01:22:48 La respuesta del server fue: Recibi de Kernel
2025/06/25 01:22:48 Se pasa el proceso PID: 0 a READY
2025/06/25 01:22:48 ## (<0>) Pasa del estado NEW al estado READY  
2025/06/25 01:22:48 se pasa el proceso PID: 0 a EXECUTE
2025/06/25 01:22:48 ## (<0>) Pasa del estado READY al estado EXECUTE 
2025/06/25 01:22:48 Conexion establecida con exito 
2025/06/25 01:22:48 La respuesta del server fue: PC y PID recbidos correctamente
2025/06/25 01:22:48 contexto de devolucion del proceso: 
2025/06/25 01:22:48 Conexion establecida con exito 
2025/06/25 01:23:36 Presione enter para inciar el planificador
2025/06/25 01:23:36 Servidor corriendo.
2025/06/25 01:23:37 Handshake recibido: Port: 8004 - Instance: cpuX - Ip: 127.0.0.1
2025/06/25 01:23:37 Planificador de largo plazo ejecutando
2025/06/25 01:23:37 ## (<0>) Se crea el proceso - Estado: NEW 
2025/06/25 01:23:37 Conexion establecida con exito 
2025/06/25 01:23:37 La respuesta del server fue: Recibi de Kernel
2025/06/25 01:23:37 Se pasa el proceso PID: 0 a READY
2025/06/25 01:23:37 ## (<0>) Pasa del estado NEW al estado READY  
2025/06/25 01:23:37 se pasa el proceso PID: 0 a EXECUTE
2025/06/25 01:23:37 ## (<0>) Pasa del estado READY al estado EXECUTE 
2025/06/25 01:23:37 Conexion establecida con exito 
2025/06/25 01:23:37 La respuesta del server fue: PC y PID recbidos correctamente
2025/06/25 01:23:59 contexto de devolucion del proceso: 
2025/06/25 01:23:59 Conexion establecida con exito 
2025/06/25 01:32:51 Presione enter para inciar el planificador
2025/06/25 01:32:51 Servidor corriendo.
2025/06/25 01:32:52 Handshake recibido: Port: 8004 - Instance: cpuX - Ip: 127.0.0.1
2025/06/25 01:32:52 Planificador de largo plazo ejecutando
2025/06/25 01:32:52 ## (<0>) Se crea el proceso - Estado: NEW 
2025/06/25 01:32:52 Conexion establecida con exito 
2025/06/25 01:32:52 La respuesta del server fue: Recibi de Kernel
2025/06/25 01:32:52 Se pasa el proceso PID: 0 a READY
2025/06/25 01:32:52 ## (<0>) Pasa del estado NEW al estado READY  
2025/06/25 01:32:52 se pasa el proceso PID: 0 a EXECUTE
2025/06/25 01:32:52 ## (<0>) Pasa del estado READY al estado EXECUTE 
2025/06/25 01:32:52 Conexion establecida con exito 
2025/06/25 01:32:52 La respuesta del server fue: PC y PID recbidos correctamente
2025/06/25 01:33:38 Presione enter para inciar el planificador
2025/06/25 01:33:38 Servidor corriendo.
2025/06/25 01:33:39 Handshake recibido: Port: 8004 - Instance: cpuX - Ip: 127.0.0.1
2025/06/25 01:33:40 Planificador de largo plazo ejecutando
2025/06/25 01:33:40 ## (<0>) Se crea el proceso - Estado: NEW 
2025/06/25 01:33:40 Conexion establecida con exito 
2025/06/25 01:33:40 La respuesta del server fue: Recibi de Kernel
2025/06/25 01:33:40 Se pasa el proceso PID: 0 a READY
2025/06/25 01:33:40 ## (<0>) Pasa del estado NEW al estado READY  
2025/06/25 01:33:40 se pasa el proceso PID: 0 a EXECUTE
2025/06/25 01:33:40 ## (<0>) Pasa del estado READY al estado EXECUTE 
2025/06/25 01:33:40 Conexion establecida con exito 
2025/06/25 01:33:40 La respuesta del server fue: PC y PID recbidos correctamente
2025/06/25 01:34:02 contexto de devolucion del proceso: 
2025/06/25 01:34:02 Conexion establecida con exito 
2025/06/25 01:46:47 Servidor corriendo.
2025/06/25 01:46:47 Presione enter para inciar el planificador
2025/06/25 01:46:52 Presione enter para inciar el planificador
2025/06/25 01:46:52 Servidor corriendo.
2025/06/25 01:46:54 Handshake recibido: Port: 8004 - Instance: cpuX - Ip: 127.0.0.1
2025/06/25 01:46:55 Planificador de largo plazo ejecutando
2025/06/25 01:46:55 ## (<0>) Se crea el proceso - Estado: NEW 
2025/06/25 01:46:55 Conexion establecida con exito 
2025/06/25 01:46:55 La respuesta del server fue: Recibi de Kernel
2025/06/25 01:46:55 Se pasa el proceso PID: 0 a READY
2025/06/25 01:46:55 ## (<0>) Pasa del estado NEW al estado READY  
2025/06/25 01:46:55 se pasa el proceso PID: 0 a EXECUTE
2025/06/25 01:46:55 ## (<0>) Pasa del estado READY al estado EXECUTE 
2025/06/25 01:46:55 Conexion establecida con exito 
2025/06/25 01:46:55 La respuesta del server fue: PC y PID recbidos correctamente
2025/06/25 01:46:55 contexto de devolucion del proceso: 
2025/06/25 01:46:55 Conexion establecida con exito 
2025/06/25 02:02:45 Servidor corriendo.
2025/06/25 02:02:45 Presione enter para inciar el planificador
2025/06/25 02:02:47 Handshake recibido: Port: 8004 - Instance: cpuX - Ip: 127.0.0.1
2025/06/25 02:02:47 Planificador de largo plazo ejecutando
2025/06/25 02:02:47 ## (<0>) Se crea el proceso - Estado: NEW 
2025/06/25 02:02:47 Conexion establecida con exito 
2025/06/25 02:02:47 La respuesta del server fue: Recibi de Kernel
2025/06/25 02:02:47 Se pasa el proceso PID: 0 a READY
2025/06/25 02:02:47 ## (<0>) Pasa del estado NEW al estado READY  
2025/06/25 02:02:47 se pasa el proceso PID: 0 a EXECUTE
2025/06/25 02:02:47 ## (<0>) Pasa del estado READY al estado EXECUTE 
2025/06/25 02:02:47 Conexion establecida con exito 
2025/06/25 02:02:47 La respuesta del server fue: PC y PID recbidos correctamente
2025/06/25 02:04:01 Presione enter para inciar el planificador
2025/06/25 02:04:01 Servidor corriendo.
2025/06/25 02:04:02 Handshake recibido: Port: 8004 - Instance: cpuX - Ip: 127.0.0.1
2025/06/25 02:04:02 Planificador de largo plazo ejecutando
2025/06/25 02:04:02 ## (<0>) Se crea el proceso - Estado: NEW 
2025/06/25 02:04:02 Conexion establecida con exito 
2025/06/25 02:04:02 La respuesta del server fue: Recibi de Kernel
2025/06/25 02:04:02 Se pasa el proceso PID: 0 a READY
2025/06/25 02:04:02 ## (<0>) Pasa del estado NEW al estado READY  
2025/06/25 02:04:02 se pasa el proceso PID: 0 a EXECUTE
2025/06/25 02:04:02 ## (<0>) Pasa del estado READY al estado EXECUTE 
2025/06/25 02:04:02 Conexion establecida con exito 
2025/06/25 02:04:02 La respuesta del server fue: PC y PID recbidos correctamente
2025/06/25 02:04:02 contexto de devolucion del proceso: 
2025/06/25 02:04:02 Conexion establecida con exito 
2025/06/25 02:06:46 Servidor corriendo.
2025/06/25 02:06:46 Presione enter para inciar el planificador
2025/06/25 02:06:47 Handshake recibido: Port: 8004 - Instance: cpuX - Ip: 127.0.0.1
2025/06/25 02:06:48 Planificador de largo plazo ejecutando
2025/06/25 02:06:48 ## (<0>) Se crea el proceso - Estado: NEW 
2025/06/25 02:06:48 Conexion establecida con exito 
2025/06/25 02:06:48 La respuesta del server fue: Recibi de Kernel
2025/06/25 02:06:48 Se pasa el proceso PID: 0 a READY
2025/06/25 02:06:48 ## (<0>) Pasa del estado NEW al estado READY  
2025/06/25 02:06:48 se pasa el proceso PID: 0 a EXECUTE
2025/06/25 02:06:48 ## (<0>) Pasa del estado READY al estado EXECUTE 
2025/06/25 02:06:48 Conexion establecida con exito 
2025/06/25 02:06:48 La respuesta del server fue: PC y PID recbidos correctamente
2025/06/25 02:07:01 contexto de devolucion del proceso: 
2025/06/25 02:07:01 Conexion establecida con exito 
2025/06/25 02:09:41 Presione enter para inciar el planificador
2025/06/25 02:09:41 Servidor corriendo.
2025/06/25 02:09:42 Handshake recibido: Port: 8004 - Instance: cpuX - Ip: 127.0.0.1
2025/06/25 02:09:42 Planificador de largo plazo ejecutando
2025/06/25 02:09:42 ## (<0>) Se crea el proceso - Estado: NEW 
2025/06/25 02:09:42 Conexion establecida con exito 
2025/06/25 02:09:42 La respuesta del server fue: Recibi de Kernel
2025/06/25 02:09:42 Se pasa el proceso PID: 0 a READY
2025/06/25 02:09:42 ## (<0>) Pasa del estado NEW al estado READY  
2025/06/25 02:09:42 se pasa el proceso PID: 0 a EXECUTE
2025/06/25 02:09:42 ## (<0>) Pasa del estado READY al estado EXECUTE 
2025/06/25 02:09:42 Conexion establecida con exito 
2025/06/25 02:09:42 La respuesta del server fue: PC y PID recbidos correctamente
2025/06/25 02:09:56 contexto de devolucion del proceso: 
2025/06/25 02:09:56 Conexion establecida con exito 
2025/06/25 12:37:10 Presione enter para inciar el planificador
2025/06/25 12:37:10 Servidor corriendo.
2025/06/25 12:37:10 Handshake recibido: Port: 8004 - Instance: cpuX - Ip: 127.0.0.1
2025/06/25 12:37:11 Planificador de largo plazo ejecutando
2025/06/25 12:37:11 ## (<0>) Se crea el proceso - Estado: NEW 
2025/06/25 12:37:11 Conexion establecida con exito 
2025/06/25 12:37:11 La respuesta del server fue: Recibi de Kernel
2025/06/25 12:37:11 Se pasa el proceso PID: 0 a READY
2025/06/25 12:37:11 ## (<0>) Pasa del estado NEW al estado READY  
2025/06/25 12:37:11 se pasa el proceso PID: 0 a EXECUTE
2025/06/25 12:37:11 ## (<0>) Pasa del estado READY al estado EXECUTE 
2025/06/25 12:37:11 Conexion establecida con exito 
2025/06/25 12:37:11 La respuesta del server fue: PC y PID recbidos correctamente
2025/06/25 12:37:11 contexto de devolucion del proceso: 
2025/06/25 12:37:11 Conexion establecida con exito 
2025/06/25 12:40:13 Presione enter para inciar el planificador
2025/06/25 12:40:13 Servidor corriendo.
2025/06/25 12:40:15 Handshake recibido: Port: 8004 - Instance: cpuX - Ip: 127.0.0.1
2025/06/25 12:40:15 Planificador de largo plazo ejecutando
2025/06/25 12:40:15 ## (<0>) Se crea el proceso - Estado: NEW 
2025/06/25 12:40:15 Conexion establecida con exito 
2025/06/25 12:40:15 La respuesta del server fue: Recibi de Kernel
2025/06/25 12:40:15 Se pasa el proceso PID: 0 a READY
2025/06/25 12:40:15 ## (<0>) Pasa del estado NEW al estado READY  
2025/06/25 12:40:15 se pasa el proceso PID: 0 a EXECUTE
2025/06/25 12:40:15 ## (<0>) Pasa del estado READY al estado EXECUTE 
2025/06/25 12:40:15 Conexion establecida con exito 
2025/06/25 12:40:15 La respuesta del server fue: PC y PID recbidos correctamente
2025/06/25 12:40:15 contexto de devolucion del proceso: 
2025/06/25 12:40:15 Conexion establecida con exito 
2025/06/25 12:41:11 Servidor corriendo.
2025/06/25 12:41:11 Presione enter para inciar el planificador
2025/06/25 12:41:12 Handshake recibido: Port: 8004 - Instance: cpuX - Ip: 127.0.0.1
2025/06/25 12:41:12 Planificador de largo plazo ejecutando
2025/06/25 12:41:12 ## (<0>) Se crea el proceso - Estado: NEW 
2025/06/25 12:41:12 Conexion establecida con exito 
2025/06/25 12:41:12 La respuesta del server fue: Recibi de Kernel
2025/06/25 12:41:12 Se pasa el proceso PID: 0 a READY
2025/06/25 12:41:12 ## (<0>) Pasa del estado NEW al estado READY  
2025/06/25 12:41:12 se pasa el proceso PID: 0 a EXECUTE
2025/06/25 12:41:12 ## (<0>) Pasa del estado READY al estado EXECUTE 
2025/06/25 12:41:12 Conexion establecida con exito 
2025/06/25 12:41:12 La respuesta del server fue: PC y PID recbidos correctamente
2025/06/25 12:41:12 contexto de devolucion del proceso: 
2025/06/25 12:41:12 Conexion establecida con exito 
2025/06/25 12:42:44 Presione enter para inciar el planificador
2025/06/25 12:42:44 Servidor corriendo.
2025/06/25 12:42:45 Handshake recibido: Port: 8004 - Instance: cpuX - Ip: 127.0.0.1
2025/06/25 12:42:46 Planificador de largo plazo ejecutando
2025/06/25 12:42:46 ## (<0>) Se crea el proceso - Estado: NEW 
2025/06/25 12:42:46 Conexion establecida con exito 
2025/06/25 12:42:46 La respuesta del server fue: Recibi de Kernel
2025/06/25 12:42:46 Se pasa el proceso PID: 0 a READY
2025/06/25 12:42:46 ## (<0>) Pasa del estado NEW al estado READY  
2025/06/25 12:42:46 se pasa el proceso PID: 0 a EXECUTE
2025/06/25 12:42:46 ## (<0>) Pasa del estado READY al estado EXECUTE 
2025/06/25 12:42:46 Conexion establecida con exito 
2025/06/25 12:42:46 La respuesta del server fue: PC y PID recbidos correctamente
2025/06/25 12:42:46 contexto de devolucion del proceso: INIT_PROC
2025/06/25 12:42:46 Conexion establecida con exito 
2025/06/25 12:42:46 ## (<1>) Se crea el proceso - Estado: NEW 
2025/06/25 12:42:46 ## (<0>) - Solicitó syscall: <INIT_PROC> 
2025/06/25 12:42:46 Conexion establecida con exito 
2025/06/25 12:42:46 Conexion establecida con exito 
2025/06/25 12:42:46 La respuesta del server fue: PC y PID recbidos correctamente
2025/06/25 12:42:46 La respuesta del server fue: No hay espacio para guardar el proceso en memoria crack
2025/06/25 12:48:37 Servidor corriendo.
2025/06/25 12:48:37 Presione enter para inciar el planificador
2025/06/25 12:48:38 Handshake recibido: Port: 8004 - Instance: cpuX - Ip: 127.0.0.1
2025/06/25 12:48:38 Planificador de largo plazo ejecutando
2025/06/25 12:48:38 ## (<0>) Se crea el proceso - Estado: NEW 
2025/06/25 12:48:38 Conexion establecida con exito 
2025/06/25 12:48:38 La respuesta del server fue: Recibi de Kernel
2025/06/25 12:48:38 Se pasa el proceso PID: 0 a READY
2025/06/25 12:48:38 ## (<0>) Pasa del estado NEW al estado READY  
2025/06/25 12:48:38 se pasa el proceso PID: 0 a EXECUTE
2025/06/25 12:48:38 ## (<0>) Pasa del estado READY al estado EXECUTE 
2025/06/25 12:48:38 Conexion establecida con exito 
2025/06/25 12:48:38 La respuesta del server fue: PC y PID recbidos correctamente
2025/06/25 12:48:38 contexto de devolucion del proceso: INIT_PROC
2025/06/25 12:48:38 Conexion establecida con exito 
2025/06/25 12:48:38 ## (<1>) Se crea el proceso - Estado: NEW 
2025/06/25 12:48:38 ## (<0>) - Solicitó syscall: <INIT_PROC> 
2025/06/25 12:48:38 Conexion establecida con exito 
2025/06/25 12:48:38 La respuesta del server fue: PC y PID recbidos correctamente
2025/06/25 12:48:38 Conexion establecida con exito 
2025/06/25 12:48:38 La respuesta del server fue: No hay espacio para guardar el proceso en memoria crack
2025/06/25 13:03:07 Servidor corriendo.
2025/06/25 13:03:07 Presione enter para inciar el planificador
2025/06/25 13:03:08 Handshake recibido: Port: 8004 - Instance: cpuX - Ip: 127.0.0.1
2025/06/25 13:03:08 Planificador de largo plazo ejecutando
2025/06/25 13:03:08 ## (<0>) Se crea el proceso - Estado: NEW 
2025/06/25 13:03:08 Conexion establecida con exito 
2025/06/25 13:03:08 La respuesta del server fue: Recibi de Kernel
2025/06/25 13:03:08 Se pasa el proceso PID: 0 a READY
2025/06/25 13:03:08 ## (<0>) Pasa del estado NEW al estado READY  
2025/06/25 13:03:08 se pasa el proceso PID: 0 a EXECUTE
2025/06/25 13:03:08 ## (<0>) Pasa del estado READY al estado EXECUTE 
2025/06/25 13:03:08 Conexion establecida con exito 
2025/06/25 13:03:08 La respuesta del server fue: PC y PID recbidos correctamente
2025/06/25 13:03:12 Conexion establecida con exito 
2025/06/25 13:03:12 Error al decodificar el JSON.
2025/06/25 13:06:04 Presione enter para inciar el planificador
2025/06/25 13:06:04 Servidor corriendo.
2025/06/25 13:06:05 Handshake recibido: Port: 8004 - Instance: cpuX - Ip: 127.0.0.1
2025/06/25 13:06:05 Planificador de largo plazo ejecutando
2025/06/25 13:06:05 ## (<0>) Se crea el proceso - Estado: NEW 
2025/06/25 13:06:05 Conexion establecida con exito 
2025/06/25 13:06:05 La respuesta del server fue: Recibi de Kernel
2025/06/25 13:06:05 Se pasa el proceso PID: 0 a READY
2025/06/25 13:06:05 ## (<0>) Pasa del estado NEW al estado READY  
2025/06/25 13:06:05 se pasa el proceso PID: 0 a EXECUTE
2025/06/25 13:06:05 ## (<0>) Pasa del estado READY al estado EXECUTE 
2025/06/25 13:06:05 Conexion establecida con exito 
2025/06/25 13:06:05 La respuesta del server fue: PC y PID recbidos correctamente
2025/06/25 13:06:09 Conexion establecida con exito 
2025/06/25 13:06:09 Error al decodificar el JSON.
2025/06/25 13:14:18 Servidor corriendo.
2025/06/25 13:14:18 Presione enter para inciar el planificador
2025/06/25 13:14:19 Handshake recibido: Port: 8004 - Instance: cpuX - Ip: 127.0.0.1
2025/06/25 13:14:20 Planificador de largo plazo ejecutando
2025/06/25 13:14:20 ## (<0>) Se crea el proceso - Estado: NEW 
2025/06/25 13:14:20 Conexion establecida con exito 
2025/06/25 13:14:20 La respuesta del server fue: Recibi de Kernel
2025/06/25 13:14:20 Se pasa el proceso PID: 0 a READY
2025/06/25 13:14:20 ## (<0>) Pasa del estado NEW al estado READY  
2025/06/25 13:14:20 se pasa el proceso PID: 0 a EXECUTE
2025/06/25 13:14:20 ## (<0>) Pasa del estado READY al estado EXECUTE 
2025/06/25 13:14:20 Conexion establecida con exito 
2025/06/25 13:14:20 La respuesta del server fue: PC y PID recbidos correctamente
2025/06/25 13:14:23 Conexion establecida con exito 
2025/06/25 13:14:23 La respuesta del server fue: PC y PID recbidos correctamente
2025/06/25 13:17:15 Servidor corriendo.
2025/06/25 13:17:15 Presione enter para inciar el planificador
2025/06/25 13:17:16 Handshake recibido: Port: 8004 - Instance: cpuX - Ip: 127.0.0.1
2025/06/25 13:17:16 Planificador de largo plazo ejecutando
2025/06/25 13:17:16 ## (<0>) Se crea el proceso - Estado: NEW 
2025/06/25 13:17:16 Conexion establecida con exito 
2025/06/25 13:17:16 La respuesta del server fue: Recibi de Kernel
2025/06/25 13:17:16 Se pasa el proceso PID: 0 a READY
2025/06/25 13:17:16 ## (<0>) Pasa del estado NEW al estado READY  
2025/06/25 13:17:16 se pasa el proceso PID: 0 a EXECUTE
2025/06/25 13:17:16 ## (<0>) Pasa del estado READY al estado EXECUTE 
2025/06/25 13:17:16 Conexion establecida con exito 
2025/06/25 13:17:16 La respuesta del server fue: PC y PID recbidos correctamente
2025/06/25 13:17:20 Conexion establecida con exito 
2025/06/25 13:17:20 PID: 0 PC: 0
2025/06/25 13:19:03 Presione enter para inciar el planificador
2025/06/25 13:19:03 Servidor corriendo.
2025/06/25 13:19:04 Handshake recibido: Port: 8004 - Instance: cpuX - Ip: 127.0.0.1
2025/06/25 13:19:04 Planificador de largo plazo ejecutando
2025/06/25 13:19:04 ## (<0>) Se crea el proceso - Estado: NEW 
2025/06/25 13:19:04 Conexion establecida con exito 
2025/06/25 13:19:04 La respuesta del server fue: Recibi de Kernel
2025/06/25 13:19:04 Se pasa el proceso PID: 0 a READY
2025/06/25 13:19:04 ## (<0>) Pasa del estado NEW al estado READY  
2025/06/25 13:19:04 se pasa el proceso PID: 0 a EXECUTE
2025/06/25 13:19:04 ## (<0>) Pasa del estado READY al estado EXECUTE 
2025/06/25 13:19:04 Conexion establecida con exito 
2025/06/25 13:19:04 La respuesta del server fue: PC y PID recbidos correctamente
2025/06/25 13:19:08 Conexion establecida con exito 
2025/06/25 13:19:08 PID: 0 PC: 0
2025/06/25 13:20:39 Presione enter para inciar el planificador
2025/06/25 13:20:39 Servidor corriendo.
2025/06/25 13:20:40 Handshake recibido: Port: 8004 - Instance: cpuX - Ip: 127.0.0.1
2025/06/25 13:20:40 Planificador de largo plazo ejecutando
2025/06/25 13:20:40 ## (<0>) Se crea el proceso - Estado: NEW 
2025/06/25 13:20:40 Conexion establecida con exito 
2025/06/25 13:20:40 La respuesta del server fue: Recibi de Kernel
2025/06/25 13:20:40 Se pasa el proceso PID: 0 a READY
2025/06/25 13:20:40 ## (<0>) Pasa del estado NEW al estado READY  
2025/06/25 13:20:40 se pasa el proceso PID: 0 a EXECUTE
2025/06/25 13:20:40 ## (<0>) Pasa del estado READY al estado EXECUTE 
2025/06/25 13:20:40 Conexion establecida con exito 
2025/06/25 13:20:40 La respuesta del server fue: PC y PID recbidos correctamente
2025/06/25 13:20:44 Conexion establecida con exito 
2025/06/25 13:20:44 PID: 0 PC: 0
2025/06/25 13:22:27 Servidor corriendo.
2025/06/25 13:22:27 Presione enter para inciar el planificador
2025/06/25 13:22:28 Handshake recibido: Port: 8004 - Instance: cpuX - Ip: 127.0.0.1
2025/06/25 13:22:29 Planificador de largo plazo ejecutando
2025/06/25 13:22:29 ## (<0>) Se crea el proceso - Estado: NEW 
2025/06/25 13:22:29 Conexion establecida con exito 
2025/06/25 13:22:29 La respuesta del server fue: Recibi de Kernel
2025/06/25 13:22:29 Se pasa el proceso PID: 0 a READY
2025/06/25 13:22:29 ## (<0>) Pasa del estado NEW al estado READY  
2025/06/25 13:22:29 se pasa el proceso PID: 0 a EXECUTE
2025/06/25 13:22:29 ## (<0>) Pasa del estado READY al estado EXECUTE 
2025/06/25 13:22:29 Conexion establecida con exito 
2025/06/25 13:22:29 La respuesta del server fue: PC y PID recbidos correctamente
2025/06/25 13:22:32 Conexion establecida con exito 
2025/06/25 13:22:32 PID: 0 PC: 0
2025/06/25 13:24:20 Presione enter para inciar el planificador
2025/06/25 13:24:20 Servidor corriendo.
2025/06/25 13:24:21 Handshake recibido: Port: 8004 - Instance: cpuX - Ip: 127.0.0.1
2025/06/25 13:24:22 Planificador de largo plazo ejecutando
2025/06/25 13:24:22 ## (<0>) Se crea el proceso - Estado: NEW 
2025/06/25 13:24:22 Conexion establecida con exito 
2025/06/25 13:24:22 La respuesta del server fue: Recibi de Kernel
2025/06/25 13:24:22 Se pasa el proceso PID: 0 a READY
2025/06/25 13:24:22 ## (<0>) Pasa del estado NEW al estado READY  
2025/06/25 13:24:22 se pasa el proceso PID: 0 a EXECUTE
2025/06/25 13:24:22 ## (<0>) Pasa del estado READY al estado EXECUTE 
2025/06/25 13:24:22 Conexion establecida con exito 
2025/06/25 13:24:22 La respuesta del server fue: PC y PID recbidos correctamente
2025/06/25 13:24:42 contexto de devolucion del proceso: INIT_PROC
2025/06/25 13:24:42 Conexion establecida con exito 
2025/06/25 13:24:42 ## (<0>) - Solicitó syscall: <INIT_PROC> 
2025/06/25 13:24:42 ## (<1>) Se crea el proceso - Estado: NEW 
2025/06/25 13:24:42 Conexion establecida con exito 
2025/06/25 13:24:42 La respuesta del server fue: No hay espacio para guardar el proceso en memoria crack
2025/06/25 13:24:42 Conexion establecida con exito 
2025/06/25 13:24:42 La respuesta del server fue: PC y PID recbidos correctamente
2025/06/25 13:24:42 PID: 0 PC: 8
2025/06/25 13:26:50 Servidor corriendo.
2025/06/25 13:26:50 Presione enter para inciar el planificador
2025/06/25 13:26:51 Handshake recibido: Port: 8004 - Instance: cpuX - Ip: 127.0.0.1
2025/06/25 13:26:51 Planificador de largo plazo ejecutando
2025/06/25 13:26:51 ## (<0>) Se crea el proceso - Estado: NEW 
2025/06/25 13:26:51 Conexion establecida con exito 
2025/06/25 13:26:51 La respuesta del server fue: Recibi de Kernel
2025/06/25 13:26:51 Se pasa el proceso PID: 0 a READY
2025/06/25 13:26:51 ## (<0>) Pasa del estado NEW al estado READY  
2025/06/25 13:26:51 se pasa el proceso PID: 0 a EXECUTE
2025/06/25 13:26:51 ## (<0>) Pasa del estado READY al estado EXECUTE 
2025/06/25 13:26:51 Conexion establecida con exito 
2025/06/25 13:26:51 La respuesta del server fue: PC y PID recbidos correctamente
2025/06/25 13:27:00 Conexion establecida con exito 
2025/06/25 13:27:00 PID: 0 PC: 0
2025/06/25 13:29:15 Presione enter para inciar el planificador
2025/06/25 13:29:15 Servidor corriendo.
2025/06/25 13:29:17 Handshake recibido: Port: 8004 - Instance: cpuX - Ip: 127.0.0.1
2025/06/25 13:29:17 Planificador de largo plazo ejecutando
2025/06/25 13:29:17 ## (<0>) Se crea el proceso - Estado: NEW 
2025/06/25 13:29:17 Conexion establecida con exito 
2025/06/25 13:29:17 La respuesta del server fue: Recibi de Kernel
2025/06/25 13:29:17 Se pasa el proceso PID: 0 a READY
2025/06/25 13:29:17 ## (<0>) Pasa del estado NEW al estado READY  
2025/06/25 13:29:17 se pasa el proceso PID: 0 a EXECUTE
2025/06/25 13:29:17 ## (<0>) Pasa del estado READY al estado EXECUTE 
2025/06/25 13:29:17 Conexion establecida con exito 
2025/06/25 13:29:17 La respuesta del server fue: PC y PID recbidos correctamente
2025/06/25 13:29:25 Conexion establecida con exito 
2025/06/25 13:29:25 PID: 0 PC: 1
2025/06/25 14:21:55 Servidor corriendo.
2025/06/25 14:21:55 Presione enter para inciar el planificador
2025/06/25 14:22:01 Handshake recibido: Port: 8004 - Instance: cpux - Ip: 127.0.0.1
2025/06/25 14:22:03 Planificador de largo plazo ejecutando
2025/06/25 14:22:03 ## (<0>) Se crea el proceso - Estado: NEW 
2025/06/25 14:22:03 Conexion establecida con exito 
2025/06/25 14:22:03 La respuesta del server fue: Recibi de Kernel
2025/06/25 14:22:03 Se pasa el proceso PID: 0 a READY
2025/06/25 14:22:03 ## (<0>) Pasa del estado NEW al estado READY  
2025/06/25 14:22:03 se pasa el proceso PID: 0 a EXECUTE
2025/06/25 14:22:03 ## (<0>) Pasa del estado READY al estado EXECUTE 
2025/06/25 14:22:03 Conexion establecida con exito 
2025/06/25 14:22:03 La respuesta del server fue: PC y PID recbidos correctamente
2025/06/25 14:22:05 Conexion establecida con exito 
2025/06/25 14:22:05 PID: 0 PC: 0
2025/06/25 14:25:52 Servidor corriendo.
2025/06/25 14:25:52 Presione enter para inciar el planificador
2025/06/25 14:25:54 Handshake recibido: Port: 8004 - Instance: cpux - Ip: 127.0.0.1
2025/06/25 14:25:55 Planificador de largo plazo ejecutando
2025/06/25 14:25:55 ## (<0>) Se crea el proceso - Estado: NEW 
2025/06/25 14:25:56 Conexion establecida con exito 
2025/06/25 14:25:56 La respuesta del server fue: Recibi de Kernel
2025/06/25 14:25:56 Se pasa el proceso PID: 0 a READY
2025/06/25 14:25:56 ## (<0>) Pasa del estado NEW al estado READY  
2025/06/25 14:25:56 se pasa el proceso PID: 0 a EXECUTE
2025/06/25 14:25:56 ## (<0>) Pasa del estado READY al estado EXECUTE 
2025/06/25 14:25:56 Conexion establecida con exito 
2025/06/25 14:25:56 La respuesta del server fue: PC y PID recbidos correctamente
2025/06/25 14:26:02 Conexion establecida con exito 
2025/06/25 14:26:02 PID: 0 PC: 1
2025/06/25 14:29:13 Servidor corriendo.
2025/06/25 14:29:13 Presione enter para inciar el planificador
2025/06/25 14:29:14 Handshake recibido: Port: 8004 - Instance: cpux - Ip: 127.0.0.1
2025/06/25 14:29:16 Planificador de largo plazo ejecutando
2025/06/25 14:29:16 ## (<0>) Se crea el proceso - Estado: NEW 
2025/06/25 14:29:16 Conexion establecida con exito 
2025/06/25 14:29:16 La respuesta del server fue: Recibi de Kernel
2025/06/25 14:29:16 Se pasa el proceso PID: 0 a READY
2025/06/25 14:29:16 ## (<0>) Pasa del estado NEW al estado READY  
2025/06/25 14:29:16 se pasa el proceso PID: 0 a EXECUTE
2025/06/25 14:29:16 ## (<0>) Pasa del estado READY al estado EXECUTE 
2025/06/25 14:29:16 Conexion establecida con exito 
2025/06/25 14:29:16 La respuesta del server fue: PC y PID recbidos correctamente
2025/06/25 14:29:21 contexto de devolucion del proceso: INIT_PROC
2025/06/25 14:29:21 Conexion establecida con exito 
2025/06/25 14:29:21 ## (<0>) - Solicitó syscall: <INIT_PROC> 
2025/06/25 14:29:21 ## (<1>) Se crea el proceso - Estado: NEW 
2025/06/25 14:29:21 Conexion establecida con exito 
2025/06/25 14:29:21 La respuesta del server fue: PC y PID recbidos correctamente
2025/06/25 14:29:21 PID: 0 PC: 3
2025/06/25 14:29:21 Conexion establecida con exito 
2025/06/25 14:29:21 La respuesta del server fue: No hay espacio para guardar el proceso en memoria crack
2025/06/25 14:29:23 Conexion establecida con exito 
2025/06/25 14:29:23 PID: 0 PC: 4
2025/06/25 14:36:19 Servidor corriendo.
2025/06/25 14:36:19 Presione enter para inciar el planificador
2025/06/25 14:36:21 Handshake recibido: Port: 8004 - Instance: cpux - Ip: 127.0.0.1
2025/06/25 14:36:22 Planificador de largo plazo ejecutando
2025/06/25 14:36:22 ## (<0>) Se crea el proceso - Estado: NEW 
2025/06/25 14:36:22 Conexion establecida con exito 
2025/06/25 14:36:22 La respuesta del server fue: Recibi de Kernel
2025/06/25 14:36:22 Se pasa el proceso PID: 0 a READY
2025/06/25 14:36:22 ## (<0>) Pasa del estado NEW al estado READY  
2025/06/25 14:36:22 se pasa el proceso PID: 0 a EXECUTE
2025/06/25 14:36:22 ## (<0>) Pasa del estado READY al estado EXECUTE 
2025/06/25 14:36:22 Conexion establecida con exito 
2025/06/25 14:36:22 La respuesta del server fue: PC y PID recbidos correctamente
2025/06/25 14:36:27 contexto de devolucion del proceso: INIT_PROC
2025/06/25 14:36:27 Conexion establecida con exito 
2025/06/25 14:36:27 ## (<0>) - Solicitó syscall: <INIT_PROC> 
2025/06/25 14:36:27 ## (<1>) Se crea el proceso - Estado: NEW 
2025/06/25 14:36:27 Conexion establecida con exito 
2025/06/25 14:36:27 La respuesta del server fue: No hay espacio para guardar el proceso en memoria crack
2025/06/25 14:36:27 Conexion establecida con exito 
2025/06/25 14:36:27 La respuesta del server fue: PC y PID recbidos correctamente
2025/06/25 14:36:27 PID: 0 PC: 3
2025/06/25 14:36:29 Conexion establecida con exito 
2025/06/25 14:36:29 PID: 0 PC: 4
